2024-06-30T22:55:27.451+08:00  INFO 20172 --- [main] com.itranswarp.learnjava.Application     : Starting Application using Java 22.0.1 with PID 20172 (D:\后端\springboot-hello\target\classes started by heyut in D:\后端\springboot-hello)
2024-06-30T22:55:27.454+08:00  INFO 20172 --- [main] com.itranswarp.learnjava.Application     : No active profile set, falling back to 1 default profile: "default"
2024-06-30T22:55:27.604+08:00  WARN 20172 --- [main] ConfigServletWebServerApplicationContext : Exception encountered during context initialization - cancelling refresh attempt: org.springframework.beans.factory.BeanDefinitionStoreException: Failed to read candidate component class: file [D:\后端\springboot-hello\target\classes\com\itranswarp\learnjava\Application.class]
2024-06-30T22:55:27.647+08:00 ERROR 20172 --- [main] o.s.boot.SpringApplication               : Application run failed

org.springframework.beans.factory.BeanDefinitionStoreException: Failed to read candidate component class: file [D:\后端\springboot-hello\target\classes\com\itranswarp\learnjava\Application.class]
	at org.springframework.context.annotation.ClassPathScanningCandidateComponentProvider.scanCandidateComponents(ClassPathScanningCandidateComponentProvider.java:462)
	at org.springframework.context.annotation.ClassPathScanningCandidateComponentProvider.findCandidateComponents(ClassPathScanningCandidateComponentProvider.java:316)
	at org.springframework.context.annotation.ClassPathBeanDefinitionScanner.doScan(ClassPathBeanDefinitionScanner.java:276)
	at org.springframework.context.annotation.ComponentScanAnnotationParser.parse(ComponentScanAnnotationParser.java:128)
	at org.springframework.context.annotation.ConfigurationClassParser.doProcessConfigurationClass(ConfigurationClassParser.java:290)
	at org.springframework.context.annotation.ConfigurationClassParser.processConfigurationClass(ConfigurationClassParser.java:244)
	at org.springframework.context.annotation.ConfigurationClassParser.parse(ConfigurationClassParser.java:197)
	at org.springframework.context.annotation.ConfigurationClassParser.parse(ConfigurationClassParser.java:165)
	at org.springframework.context.annotation.ConfigurationClassPostProcessor.processConfigBeanDefinitions(ConfigurationClassPostProcessor.java:397)
	at org.springframework.context.annotation.ConfigurationClassPostProcessor.postProcessBeanDefinitionRegistry(ConfigurationClassPostProcessor.java:283)
	at org.springframework.context.support.PostProcessorRegistrationDelegate.invokeBeanDefinitionRegistryPostProcessors(PostProcessorRegistrationDelegate.java:344)
	at org.springframework.context.support.PostProcessorRegistrationDelegate.invokeBeanFactoryPostProcessors(PostProcessorRegistrationDelegate.java:115)
	at org.springframework.context.support.AbstractApplicationContext.invokeBeanFactoryPostProcessors(AbstractApplicationContext.java:745)
	at org.springframework.context.support.AbstractApplicationContext.refresh(AbstractApplicationContext.java:565)
	at org.springframework.boot.web.servlet.context.ServletWebServerApplicationContext.refresh(ServletWebServerApplicationContext.java:146)
	at org.springframework.boot.SpringApplication.refresh(SpringApplication.java:730)
	at org.springframework.boot.SpringApplication.refreshContext(SpringApplication.java:432)
	at org.springframework.boot.SpringApplication.run(SpringApplication.java:308)
	at org.springframework.boot.SpringApplication.run(SpringApplication.java:1302)
	at org.springframework.boot.SpringApplication.run(SpringApplication.java:1291)
	at com.itranswarp.learnjava.Application.main(Application.java:9)
Caused by: java.io.IOException: ASM ClassReader failed to parse class file - probably due to a new Java class file version that isn't supported yet: file [D:\后端\springboot-hello\target\classes\com\itranswarp\learnjava\Application.class]
	at org.springframework.core.type.classreading.SimpleMetadataReader.getClassReader(SimpleMetadataReader.java:59)
	at org.springframework.core.type.classreading.SimpleMetadataReader.<init>(SimpleMetadataReader.java:48)
	at org.springframework.core.type.classreading.SimpleMetadataReaderFactory.getMetadataReader(SimpleMetadataReaderFactory.java:103)
	at org.springframework.core.type.classreading.CachingMetadataReaderFactory.getMetadataReader(CachingMetadataReaderFactory.java:122)
	at org.springframework.context.annotation.ClassPathScanningCandidateComponentProvider.scanCandidateComponents(ClassPathScanningCandidateComponentProvider.java:434)
	... 20 common frames omitted
Caused by: java.lang.IllegalArgumentException: Unsupported class file major version 66
	at org.springframework.asm.ClassReader.<init>(ClassReader.java:199)
	at org.springframework.asm.ClassReader.<init>(ClassReader.java:180)
	at org.springframework.asm.ClassReader.<init>(ClassReader.java:166)
	at org.springframework.asm.ClassReader.<init>(ClassReader.java:287)
	at org.springframework.core.type.classreading.SimpleMetadataReader.getClassReader(SimpleMetadataReader.java:56)
	... 24 common frames omitted

2024-07-01T09:56:16.017+08:00  INFO 5968 --- [main] com.itranswarp.learnjava.Application     : Starting Application using Java 21.0.2 with PID 5968 (D:\后端\springboot-hello\target\classes started by 黑羽同学 in D:\后端\springboot-hello)
2024-07-01T09:56:16.021+08:00  INFO 5968 --- [main] com.itranswarp.learnjava.Application     : No active profile set, falling back to 1 default profile: "default"
2024-07-01T09:56:17.187+08:00  INFO 5968 --- [main] o.s.b.w.embedded.tomcat.TomcatWebServer  : Tomcat initialized with port(s): 8080 (http)
2024-07-01T09:56:17.201+08:00  INFO 5968 --- [main] o.apache.catalina.core.StandardService   : Starting service [Tomcat]
2024-07-01T09:56:17.201+08:00  INFO 5968 --- [main] o.apache.catalina.core.StandardEngine    : Starting Servlet engine: [Apache Tomcat/10.1.1]
2024-07-01T09:56:17.332+08:00  INFO 5968 --- [main] o.a.c.c.C.[Tomcat].[localhost].[/]       : Initializing Spring embedded WebApplicationContext
2024-07-01T09:56:17.334+08:00  INFO 5968 --- [main] w.s.c.ServletWebServerApplicationContext : Root WebApplicationContext: initialization completed in 1259 ms
2024-07-01T09:56:17.816+08:00  INFO 5968 --- [main] o.s.b.w.embedded.tomcat.TomcatWebServer  : Tomcat started on port(s): 8080 (http) with context path ''
2024-07-01T09:56:17.826+08:00  INFO 5968 --- [main] com.itranswarp.learnjava.Application     : Started Application in 2.271 seconds (process running for 2.983)
2024-07-01T09:56:35.705+08:00  INFO 5968 --- [http-nio-8080-exec-1] o.a.c.c.C.[Tomcat].[localhost].[/]       : Initializing Spring DispatcherServlet 'dispatcherServlet'
2024-07-01T09:56:35.705+08:00  INFO 5968 --- [http-nio-8080-exec-1] o.s.web.servlet.DispatcherServlet        : Initializing Servlet 'dispatcherServlet'
2024-07-01T09:56:35.706+08:00  INFO 5968 --- [http-nio-8080-exec-1] o.s.web.servlet.DispatcherServlet        : Completed initialization in 1 ms
2024-07-01T10:09:59.906+08:00  INFO 14564 --- [main] com.itranswarp.learnjava.Application     : Starting Application using Java 21.0.2 with PID 14564 (D:\后端\springboot-hello\target\classes started by 黑羽同学 in D:\后端\springboot-hello)
2024-07-01T10:09:59.910+08:00  INFO 14564 --- [main] com.itranswarp.learnjava.Application     : No active profile set, falling back to 1 default profile: "default"
2024-07-01T10:10:01.266+08:00  INFO 14564 --- [main] o.s.b.w.embedded.tomcat.TomcatWebServer  : Tomcat initialized with port(s): 8080 (http)
2024-07-01T10:10:01.278+08:00  INFO 14564 --- [main] o.apache.catalina.core.StandardService   : Starting service [Tomcat]
2024-07-01T10:10:01.279+08:00  INFO 14564 --- [main] o.apache.catalina.core.StandardEngine    : Starting Servlet engine: [Apache Tomcat/10.1.1]
2024-07-01T10:10:01.418+08:00  INFO 14564 --- [main] o.a.c.c.C.[Tomcat].[localhost].[/]       : Initializing Spring embedded WebApplicationContext
2024-07-01T10:10:01.420+08:00  INFO 14564 --- [main] w.s.c.ServletWebServerApplicationContext : Root WebApplicationContext: initialization completed in 1440 ms
2024-07-01T10:10:02.156+08:00  INFO 14564 --- [main] o.s.b.w.embedded.tomcat.TomcatWebServer  : Tomcat started on port(s): 8080 (http) with context path ''
2024-07-01T10:10:02.171+08:00  INFO 14564 --- [main] com.itranswarp.learnjava.Application     : Started Application in 2.803 seconds (process running for 3.41)
2024-07-01T10:10:06.319+08:00  INFO 14564 --- [http-nio-8080-exec-1] o.a.c.c.C.[Tomcat].[localhost].[/]       : Initializing Spring DispatcherServlet 'dispatcherServlet'
2024-07-01T10:10:06.320+08:00  INFO 14564 --- [http-nio-8080-exec-1] o.s.web.servlet.DispatcherServlet        : Initializing Servlet 'dispatcherServlet'
2024-07-01T10:10:06.322+08:00  INFO 14564 --- [http-nio-8080-exec-1] o.s.web.servlet.DispatcherServlet        : Completed initialization in 1 ms
2024-07-01T10:17:01.842+08:00  INFO 8420 --- [main] com.itranswarp.learnjava.Application     : Starting Application using Java 21.0.2 with PID 8420 (D:\后端\springboot-hello\target\classes started by 黑羽同学 in D:\后端\springboot-hello)
2024-07-01T10:17:01.845+08:00  INFO 8420 --- [main] com.itranswarp.learnjava.Application     : No active profile set, falling back to 1 default profile: "default"
2024-07-01T10:17:02.955+08:00  INFO 8420 --- [main] o.s.b.w.embedded.tomcat.TomcatWebServer  : Tomcat initialized with port(s): 8080 (http)
2024-07-01T10:17:02.965+08:00  INFO 8420 --- [main] o.apache.catalina.core.StandardService   : Starting service [Tomcat]
2024-07-01T10:17:02.966+08:00  INFO 8420 --- [main] o.apache.catalina.core.StandardEngine    : Starting Servlet engine: [Apache Tomcat/10.1.1]
2024-07-01T10:17:03.069+08:00  INFO 8420 --- [main] o.a.c.c.C.[Tomcat].[localhost].[/]       : Initializing Spring embedded WebApplicationContext
2024-07-01T10:17:03.070+08:00  INFO 8420 --- [main] w.s.c.ServletWebServerApplicationContext : Root WebApplicationContext: initialization completed in 1171 ms
2024-07-01T10:17:03.544+08:00  INFO 8420 --- [main] o.s.b.w.embedded.tomcat.TomcatWebServer  : Tomcat started on port(s): 8080 (http) with context path ''
2024-07-01T10:17:03.554+08:00  INFO 8420 --- [main] com.itranswarp.learnjava.Application     : Started Application in 2.111 seconds (process running for 2.682)
2024-07-01T10:17:11.157+08:00  INFO 8420 --- [http-nio-8080-exec-1] o.a.c.c.C.[Tomcat].[localhost].[/]       : Initializing Spring DispatcherServlet 'dispatcherServlet'
2024-07-01T10:17:11.158+08:00  INFO 8420 --- [http-nio-8080-exec-1] o.s.web.servlet.DispatcherServlet        : Initializing Servlet 'dispatcherServlet'
2024-07-01T10:17:11.159+08:00  INFO 8420 --- [http-nio-8080-exec-1] o.s.web.servlet.DispatcherServlet        : Completed initialization in 0 ms
2024-07-01T10:23:48.281+08:00  INFO 9440 --- [main] com.itranswarp.learnjava.Application     : Starting Application using Java 21.0.2 with PID 9440 (D:\后端\springboot-hello\target\classes started by 黑羽同学 in D:\后端\springboot-hello)
2024-07-01T10:23:48.284+08:00  INFO 9440 --- [main] com.itranswarp.learnjava.Application     : No active profile set, falling back to 1 default profile: "default"
2024-07-01T10:23:49.410+08:00  INFO 9440 --- [main] o.s.b.w.embedded.tomcat.TomcatWebServer  : Tomcat initialized with port(s): 8080 (http)
2024-07-01T10:23:49.422+08:00  INFO 9440 --- [main] o.apache.catalina.core.StandardService   : Starting service [Tomcat]
2024-07-01T10:23:49.422+08:00  INFO 9440 --- [main] o.apache.catalina.core.StandardEngine    : Starting Servlet engine: [Apache Tomcat/10.1.1]
2024-07-01T10:23:49.535+08:00  INFO 9440 --- [main] o.a.c.c.C.[Tomcat].[localhost].[/]       : Initializing Spring embedded WebApplicationContext
2024-07-01T10:23:49.537+08:00  INFO 9440 --- [main] w.s.c.ServletWebServerApplicationContext : Root WebApplicationContext: initialization completed in 1192 ms
2024-07-01T10:23:50.028+08:00  INFO 9440 --- [main] o.s.b.w.embedded.tomcat.TomcatWebServer  : Tomcat started on port(s): 8080 (http) with context path ''
2024-07-01T10:23:50.038+08:00  INFO 9440 --- [main] com.itranswarp.learnjava.Application     : Started Application in 2.199 seconds (process running for 2.824)
2024-07-01T10:23:52.240+08:00  INFO 9440 --- [http-nio-8080-exec-1] o.a.c.c.C.[Tomcat].[localhost].[/]       : Initializing Spring DispatcherServlet 'dispatcherServlet'
2024-07-01T10:23:52.240+08:00  INFO 9440 --- [http-nio-8080-exec-1] o.s.web.servlet.DispatcherServlet        : Initializing Servlet 'dispatcherServlet'
2024-07-01T10:23:52.241+08:00  INFO 9440 --- [http-nio-8080-exec-1] o.s.web.servlet.DispatcherServlet        : Completed initialization in 1 ms
2024-07-01T10:24:13.137+08:00  INFO 4388 --- [main] com.itranswarp.learnjava.Application     : Starting Application using Java 21.0.2 with PID 4388 (D:\后端\springboot-hello\target\classes started by 黑羽同学 in D:\后端\springboot-hello)
2024-07-01T10:24:13.139+08:00  INFO 4388 --- [main] com.itranswarp.learnjava.Application     : No active profile set, falling back to 1 default profile: "default"
2024-07-01T10:24:14.240+08:00  INFO 4388 --- [main] o.s.b.w.embedded.tomcat.TomcatWebServer  : Tomcat initialized with port(s): 8080 (http)
2024-07-01T10:24:14.251+08:00  INFO 4388 --- [main] o.apache.catalina.core.StandardService   : Starting service [Tomcat]
2024-07-01T10:24:14.251+08:00  INFO 4388 --- [main] o.apache.catalina.core.StandardEngine    : Starting Servlet engine: [Apache Tomcat/10.1.1]
2024-07-01T10:24:14.359+08:00  INFO 4388 --- [main] o.a.c.c.C.[Tomcat].[localhost].[/]       : Initializing Spring embedded WebApplicationContext
2024-07-01T10:24:14.361+08:00  INFO 4388 --- [main] w.s.c.ServletWebServerApplicationContext : Root WebApplicationContext: initialization completed in 1166 ms
2024-07-01T10:24:14.816+08:00  INFO 4388 --- [main] o.s.b.w.embedded.tomcat.TomcatWebServer  : Tomcat started on port(s): 8080 (http) with context path ''
2024-07-01T10:24:14.825+08:00  INFO 4388 --- [main] com.itranswarp.learnjava.Application     : Started Application in 2.063 seconds (process running for 2.656)
2024-07-01T10:24:17.064+08:00  INFO 4388 --- [http-nio-8080-exec-1] o.a.c.c.C.[Tomcat].[localhost].[/]       : Initializing Spring DispatcherServlet 'dispatcherServlet'
2024-07-01T10:24:17.064+08:00  INFO 4388 --- [http-nio-8080-exec-1] o.s.web.servlet.DispatcherServlet        : Initializing Servlet 'dispatcherServlet'
2024-07-01T10:24:17.065+08:00  INFO 4388 --- [http-nio-8080-exec-1] o.s.web.servlet.DispatcherServlet        : Completed initialization in 1 ms
2024-07-01T10:29:03.155+08:00  INFO 4248 --- [main] com.itranswarp.learnjava.Application     : Starting Application using Java 21.0.2 with PID 4248 (D:\后端\springboot-hello\target\classes started by 黑羽同学 in D:\后端\springboot-hello)
2024-07-01T10:29:03.159+08:00  INFO 4248 --- [main] com.itranswarp.learnjava.Application     : No active profile set, falling back to 1 default profile: "default"
2024-07-01T10:29:04.246+08:00  INFO 4248 --- [main] o.s.b.w.embedded.tomcat.TomcatWebServer  : Tomcat initialized with port(s): 8080 (http)
2024-07-01T10:29:04.257+08:00  INFO 4248 --- [main] o.apache.catalina.core.StandardService   : Starting service [Tomcat]
2024-07-01T10:29:04.257+08:00  INFO 4248 --- [main] o.apache.catalina.core.StandardEngine    : Starting Servlet engine: [Apache Tomcat/10.1.1]
2024-07-01T10:29:04.368+08:00  INFO 4248 --- [main] o.a.c.c.C.[Tomcat].[localhost].[/]       : Initializing Spring embedded WebApplicationContext
2024-07-01T10:29:04.370+08:00  INFO 4248 --- [main] w.s.c.ServletWebServerApplicationContext : Root WebApplicationContext: initialization completed in 1154 ms
2024-07-01T10:29:04.844+08:00  INFO 4248 --- [main] o.s.b.w.embedded.tomcat.TomcatWebServer  : Tomcat started on port(s): 8080 (http) with context path ''
2024-07-01T10:29:04.854+08:00  INFO 4248 --- [main] com.itranswarp.learnjava.Application     : Started Application in 2.147 seconds (process running for 2.853)
2024-07-01T10:29:07.939+08:00  INFO 4248 --- [http-nio-8080-exec-1] o.a.c.c.C.[Tomcat].[localhost].[/]       : Initializing Spring DispatcherServlet 'dispatcherServlet'
2024-07-01T10:29:07.940+08:00  INFO 4248 --- [http-nio-8080-exec-1] o.s.web.servlet.DispatcherServlet        : Initializing Servlet 'dispatcherServlet'
2024-07-01T10:29:07.941+08:00  INFO 4248 --- [http-nio-8080-exec-1] o.s.web.servlet.DispatcherServlet        : Completed initialization in 1 ms
2024-07-01T10:29:48.631+08:00  INFO 10576 --- [main] com.itranswarp.learnjava.Application     : Starting Application using Java 21.0.2 with PID 10576 (D:\后端\springboot-hello\target\classes started by 黑羽同学 in D:\后端\springboot-hello)
2024-07-01T10:29:48.635+08:00  INFO 10576 --- [main] com.itranswarp.learnjava.Application     : No active profile set, falling back to 1 default profile: "default"
2024-07-01T10:29:49.829+08:00  INFO 10576 --- [main] o.s.b.w.embedded.tomcat.TomcatWebServer  : Tomcat initialized with port(s): 8080 (http)
2024-07-01T10:29:49.842+08:00  INFO 10576 --- [main] o.apache.catalina.core.StandardService   : Starting service [Tomcat]
2024-07-01T10:29:49.842+08:00  INFO 10576 --- [main] o.apache.catalina.core.StandardEngine    : Starting Servlet engine: [Apache Tomcat/10.1.1]
2024-07-01T10:29:49.955+08:00  INFO 10576 --- [main] o.a.c.c.C.[Tomcat].[localhost].[/]       : Initializing Spring embedded WebApplicationContext
2024-07-01T10:29:49.957+08:00  INFO 10576 --- [main] w.s.c.ServletWebServerApplicationContext : Root WebApplicationContext: initialization completed in 1257 ms
2024-07-01T10:29:50.469+08:00  INFO 10576 --- [main] o.s.b.w.embedded.tomcat.TomcatWebServer  : Tomcat started on port(s): 8080 (http) with context path ''
2024-07-01T10:29:50.478+08:00  INFO 10576 --- [main] com.itranswarp.learnjava.Application     : Started Application in 2.232 seconds (process running for 2.832)
2024-07-01T10:29:54.119+08:00  INFO 10576 --- [http-nio-8080-exec-1] o.a.c.c.C.[Tomcat].[localhost].[/]       : Initializing Spring DispatcherServlet 'dispatcherServlet'
2024-07-01T10:29:54.119+08:00  INFO 10576 --- [http-nio-8080-exec-1] o.s.web.servlet.DispatcherServlet        : Initializing Servlet 'dispatcherServlet'
2024-07-01T10:29:54.120+08:00  INFO 10576 --- [http-nio-8080-exec-1] o.s.web.servlet.DispatcherServlet        : Completed initialization in 1 ms
2024-07-01T10:51:55.459+08:00  INFO 17584 --- [main] com.itranswarp.learnjava.Application     : Starting Application using Java 21.0.2 with PID 17584 (D:\后端\springboot-hello\target\classes started by 黑羽同学 in D:\后端\springboot-hello)
2024-07-01T10:51:55.463+08:00  INFO 17584 --- [main] com.itranswarp.learnjava.Application     : No active profile set, falling back to 1 default profile: "default"
2024-07-01T10:51:55.631+08:00  WARN 17584 --- [main] ConfigServletWebServerApplicationContext : Exception encountered during context initialization - cancelling refresh attempt: org.springframework.beans.factory.BeanDefinitionStoreException: Failed to read candidate component class: file [D:\后端\springboot-hello\target\classes\com\itranswarp\learnjava\Application$1.class]
2024-07-01T10:51:55.672+08:00 ERROR 17584 --- [main] o.s.boot.SpringApplication               : Application run failed

org.springframework.beans.factory.BeanDefinitionStoreException: Failed to read candidate component class: file [D:\后端\springboot-hello\target\classes\com\itranswarp\learnjava\Application$1.class]
	at org.springframework.context.annotation.ClassPathScanningCandidateComponentProvider.scanCandidateComponents(ClassPathScanningCandidateComponentProvider.java:462)
	at org.springframework.context.annotation.ClassPathScanningCandidateComponentProvider.findCandidateComponents(ClassPathScanningCandidateComponentProvider.java:316)
	at org.springframework.context.annotation.ClassPathBeanDefinitionScanner.doScan(ClassPathBeanDefinitionScanner.java:276)
	at org.springframework.context.annotation.ComponentScanAnnotationParser.parse(ComponentScanAnnotationParser.java:128)
	at org.springframework.context.annotation.ConfigurationClassParser.doProcessConfigurationClass(ConfigurationClassParser.java:290)
	at org.springframework.context.annotation.ConfigurationClassParser.processConfigurationClass(ConfigurationClassParser.java:244)
	at org.springframework.context.annotation.ConfigurationClassParser.parse(ConfigurationClassParser.java:197)
	at org.springframework.context.annotation.ConfigurationClassParser.parse(ConfigurationClassParser.java:165)
	at org.springframework.context.annotation.ConfigurationClassPostProcessor.processConfigBeanDefinitions(ConfigurationClassPostProcessor.java:397)
	at org.springframework.context.annotation.ConfigurationClassPostProcessor.postProcessBeanDefinitionRegistry(ConfigurationClassPostProcessor.java:283)
	at org.springframework.context.support.PostProcessorRegistrationDelegate.invokeBeanDefinitionRegistryPostProcessors(PostProcessorRegistrationDelegate.java:344)
	at org.springframework.context.support.PostProcessorRegistrationDelegate.invokeBeanFactoryPostProcessors(PostProcessorRegistrationDelegate.java:115)
	at org.springframework.context.support.AbstractApplicationContext.invokeBeanFactoryPostProcessors(AbstractApplicationContext.java:745)
	at org.springframework.context.support.AbstractApplicationContext.refresh(AbstractApplicationContext.java:565)
	at org.springframework.boot.web.servlet.context.ServletWebServerApplicationContext.refresh(ServletWebServerApplicationContext.java:146)
	at org.springframework.boot.SpringApplication.refresh(SpringApplication.java:730)
	at org.springframework.boot.SpringApplication.refreshContext(SpringApplication.java:432)
	at org.springframework.boot.SpringApplication.run(SpringApplication.java:308)
	at org.springframework.boot.SpringApplication.run(SpringApplication.java:1302)
	at org.springframework.boot.SpringApplication.run(SpringApplication.java:1291)
	at com.itranswarp.learnjava.Application.main(Application.java:14)
Caused by: java.io.IOException: ASM ClassReader failed to parse class file - probably due to a new Java class file version that isn't supported yet: file [D:\后端\springboot-hello\target\classes\com\itranswarp\learnjava\Application$1.class]
	at org.springframework.core.type.classreading.SimpleMetadataReader.getClassReader(SimpleMetadataReader.java:59)
	at org.springframework.core.type.classreading.SimpleMetadataReader.<init>(SimpleMetadataReader.java:48)
	at org.springframework.core.type.classreading.SimpleMetadataReaderFactory.getMetadataReader(SimpleMetadataReaderFactory.java:103)
	at org.springframework.core.type.classreading.CachingMetadataReaderFactory.getMetadataReader(CachingMetadataReaderFactory.java:122)
	at org.springframework.context.annotation.ClassPathScanningCandidateComponentProvider.scanCandidateComponents(ClassPathScanningCandidateComponentProvider.java:434)
	... 20 common frames omitted
Caused by: java.lang.IllegalArgumentException: Unsupported class file major version 65
	at org.springframework.asm.ClassReader.<init>(ClassReader.java:199)
	at org.springframework.asm.ClassReader.<init>(ClassReader.java:180)
	at org.springframework.asm.ClassReader.<init>(ClassReader.java:166)
	at org.springframework.asm.ClassReader.<init>(ClassReader.java:287)
	at org.springframework.core.type.classreading.SimpleMetadataReader.getClassReader(SimpleMetadataReader.java:56)
	... 24 common frames omitted

2024-07-01T10:54:10.819+08:00  INFO 5808 --- [main] com.itranswarp.learnjava.Application     : Starting Application using Java 21.0.2 with PID 5808 (D:\后端\springboot-hello\target\classes started by 黑羽同学 in D:\后端\springboot-hello)
2024-07-01T10:54:10.824+08:00  INFO 5808 --- [main] com.itranswarp.learnjava.Application     : No active profile set, falling back to 1 default profile: "default"
2024-07-01T10:54:11.308+08:00  WARN 5808 --- [main] ConfigServletWebServerApplicationContext : Exception encountered during context initialization - cancelling refresh attempt: org.springframework.beans.factory.BeanDefinitionStoreException: Failed to read candidate component class: file [D:\后端\springboot-hello\target\classes\com\itranswarp\learnjava\Application$1.class]
2024-07-01T10:54:11.403+08:00 ERROR 5808 --- [main] o.s.boot.SpringApplication               : Application run failed

org.springframework.beans.factory.BeanDefinitionStoreException: Failed to read candidate component class: file [D:\后端\springboot-hello\target\classes\com\itranswarp\learnjava\Application$1.class]
	at org.springframework.context.annotation.ClassPathScanningCandidateComponentProvider.scanCandidateComponents(ClassPathScanningCandidateComponentProvider.java:462)
	at org.springframework.context.annotation.ClassPathScanningCandidateComponentProvider.findCandidateComponents(ClassPathScanningCandidateComponentProvider.java:316)
	at org.springframework.context.annotation.ClassPathBeanDefinitionScanner.doScan(ClassPathBeanDefinitionScanner.java:276)
	at org.springframework.context.annotation.ComponentScanAnnotationParser.parse(ComponentScanAnnotationParser.java:128)
	at org.springframework.context.annotation.ConfigurationClassParser.doProcessConfigurationClass(ConfigurationClassParser.java:290)
	at org.springframework.context.annotation.ConfigurationClassParser.processConfigurationClass(ConfigurationClassParser.java:244)
	at org.springframework.context.annotation.ConfigurationClassParser.parse(ConfigurationClassParser.java:197)
	at org.springframework.context.annotation.ConfigurationClassParser.parse(ConfigurationClassParser.java:165)
	at org.springframework.context.annotation.ConfigurationClassPostProcessor.processConfigBeanDefinitions(ConfigurationClassPostProcessor.java:397)
	at org.springframework.context.annotation.ConfigurationClassPostProcessor.postProcessBeanDefinitionRegistry(ConfigurationClassPostProcessor.java:283)
	at org.springframework.context.support.PostProcessorRegistrationDelegate.invokeBeanDefinitionRegistryPostProcessors(PostProcessorRegistrationDelegate.java:344)
	at org.springframework.context.support.PostProcessorRegistrationDelegate.invokeBeanFactoryPostProcessors(PostProcessorRegistrationDelegate.java:115)
	at org.springframework.context.support.AbstractApplicationContext.invokeBeanFactoryPostProcessors(AbstractApplicationContext.java:745)
	at org.springframework.context.support.AbstractApplicationContext.refresh(AbstractApplicationContext.java:565)
	at org.springframework.boot.web.servlet.context.ServletWebServerApplicationContext.refresh(ServletWebServerApplicationContext.java:146)
	at org.springframework.boot.SpringApplication.refresh(SpringApplication.java:730)
	at org.springframework.boot.SpringApplication.refreshContext(SpringApplication.java:432)
	at org.springframework.boot.SpringApplication.run(SpringApplication.java:308)
	at org.springframework.boot.SpringApplication.run(SpringApplication.java:1302)
	at org.springframework.boot.SpringApplication.run(SpringApplication.java:1291)
	at com.itranswarp.learnjava.Application.main(Application.java:14)
Caused by: java.io.IOException: ASM ClassReader failed to parse class file - probably due to a new Java class file version that isn't supported yet: file [D:\后端\springboot-hello\target\classes\com\itranswarp\learnjava\Application$1.class]
	at org.springframework.core.type.classreading.SimpleMetadataReader.getClassReader(SimpleMetadataReader.java:59)
	at org.springframework.core.type.classreading.SimpleMetadataReader.<init>(SimpleMetadataReader.java:48)
	at org.springframework.core.type.classreading.SimpleMetadataReaderFactory.getMetadataReader(SimpleMetadataReaderFactory.java:103)
	at org.springframework.core.type.classreading.CachingMetadataReaderFactory.getMetadataReader(CachingMetadataReaderFactory.java:122)
	at org.springframework.context.annotation.ClassPathScanningCandidateComponentProvider.scanCandidateComponents(ClassPathScanningCandidateComponentProvider.java:434)
	... 20 common frames omitted
Caused by: java.lang.IllegalArgumentException: Unsupported class file major version 65
	at org.springframework.asm.ClassReader.<init>(ClassReader.java:199)
	at org.springframework.asm.ClassReader.<init>(ClassReader.java:180)
	at org.springframework.asm.ClassReader.<init>(ClassReader.java:166)
	at org.springframework.asm.ClassReader.<init>(ClassReader.java:287)
	at org.springframework.core.type.classreading.SimpleMetadataReader.getClassReader(SimpleMetadataReader.java:56)
	... 24 common frames omitted

2024-07-01T10:56:04.459+08:00  INFO 8292 --- [main] com.itranswarp.learnjava.Application     : Starting Application using Java 21.0.2 with PID 8292 (D:\后端\springboot-hello\target\classes started by 黑羽同学 in D:\后端\springboot-hello)
2024-07-01T10:56:04.462+08:00  INFO 8292 --- [main] com.itranswarp.learnjava.Application     : No active profile set, falling back to 1 default profile: "default"
2024-07-01T10:56:04.616+08:00  WARN 8292 --- [main] ConfigServletWebServerApplicationContext : Exception encountered during context initialization - cancelling refresh attempt: org.springframework.beans.factory.BeanDefinitionStoreException: Failed to read candidate component class: file [D:\后端\springboot-hello\target\classes\com\itranswarp\learnjava\Application$1.class]
2024-07-01T10:56:04.643+08:00 ERROR 8292 --- [main] o.s.boot.SpringApplication               : Application run failed

org.springframework.beans.factory.BeanDefinitionStoreException: Failed to read candidate component class: file [D:\后端\springboot-hello\target\classes\com\itranswarp\learnjava\Application$1.class]
	at org.springframework.context.annotation.ClassPathScanningCandidateComponentProvider.scanCandidateComponents(ClassPathScanningCandidateComponentProvider.java:462)
	at org.springframework.context.annotation.ClassPathScanningCandidateComponentProvider.findCandidateComponents(ClassPathScanningCandidateComponentProvider.java:316)
	at org.springframework.context.annotation.ClassPathBeanDefinitionScanner.doScan(ClassPathBeanDefinitionScanner.java:276)
	at org.springframework.context.annotation.ComponentScanAnnotationParser.parse(ComponentScanAnnotationParser.java:128)
	at org.springframework.context.annotation.ConfigurationClassParser.doProcessConfigurationClass(ConfigurationClassParser.java:290)
	at org.springframework.context.annotation.ConfigurationClassParser.processConfigurationClass(ConfigurationClassParser.java:244)
	at org.springframework.context.annotation.ConfigurationClassParser.parse(ConfigurationClassParser.java:197)
	at org.springframework.context.annotation.ConfigurationClassParser.parse(ConfigurationClassParser.java:165)
	at org.springframework.context.annotation.ConfigurationClassPostProcessor.processConfigBeanDefinitions(ConfigurationClassPostProcessor.java:397)
	at org.springframework.context.annotation.ConfigurationClassPostProcessor.postProcessBeanDefinitionRegistry(ConfigurationClassPostProcessor.java:283)
	at org.springframework.context.support.PostProcessorRegistrationDelegate.invokeBeanDefinitionRegistryPostProcessors(PostProcessorRegistrationDelegate.java:344)
	at org.springframework.context.support.PostProcessorRegistrationDelegate.invokeBeanFactoryPostProcessors(PostProcessorRegistrationDelegate.java:115)
	at org.springframework.context.support.AbstractApplicationContext.invokeBeanFactoryPostProcessors(AbstractApplicationContext.java:745)
	at org.springframework.context.support.AbstractApplicationContext.refresh(AbstractApplicationContext.java:565)
	at org.springframework.boot.web.servlet.context.ServletWebServerApplicationContext.refresh(ServletWebServerApplicationContext.java:146)
	at org.springframework.boot.SpringApplication.refresh(SpringApplication.java:730)
	at org.springframework.boot.SpringApplication.refreshContext(SpringApplication.java:432)
	at org.springframework.boot.SpringApplication.run(SpringApplication.java:308)
	at org.springframework.boot.SpringApplication.run(SpringApplication.java:1302)
	at org.springframework.boot.SpringApplication.run(SpringApplication.java:1291)
	at com.itranswarp.learnjava.Application.main(Application.java:14)
Caused by: java.io.IOException: ASM ClassReader failed to parse class file - probably due to a new Java class file version that isn't supported yet: file [D:\后端\springboot-hello\target\classes\com\itranswarp\learnjava\Application$1.class]
	at org.springframework.core.type.classreading.SimpleMetadataReader.getClassReader(SimpleMetadataReader.java:59)
	at org.springframework.core.type.classreading.SimpleMetadataReader.<init>(SimpleMetadataReader.java:48)
	at org.springframework.core.type.classreading.SimpleMetadataReaderFactory.getMetadataReader(SimpleMetadataReaderFactory.java:103)
	at org.springframework.core.type.classreading.CachingMetadataReaderFactory.getMetadataReader(CachingMetadataReaderFactory.java:122)
	at org.springframework.context.annotation.ClassPathScanningCandidateComponentProvider.scanCandidateComponents(ClassPathScanningCandidateComponentProvider.java:434)
	... 20 common frames omitted
Caused by: java.lang.IllegalArgumentException: Unsupported class file major version 65
	at org.springframework.asm.ClassReader.<init>(ClassReader.java:199)
	at org.springframework.asm.ClassReader.<init>(ClassReader.java:180)
	at org.springframework.asm.ClassReader.<init>(ClassReader.java:166)
	at org.springframework.asm.ClassReader.<init>(ClassReader.java:287)
	at org.springframework.core.type.classreading.SimpleMetadataReader.getClassReader(SimpleMetadataReader.java:56)
	... 24 common frames omitted

2024-07-01T10:57:02.265+08:00  INFO 11340 --- [main] com.itranswarp.learnjava.Application     : Starting Application using Java 21.0.2 with PID 11340 (D:\后端\springboot-hello\target\classes started by 黑羽同学 in D:\后端\springboot-hello)
2024-07-01T10:57:02.269+08:00  INFO 11340 --- [main] com.itranswarp.learnjava.Application     : No active profile set, falling back to 1 default profile: "default"
2024-07-01T10:57:03.378+08:00  INFO 11340 --- [main] o.s.b.w.embedded.tomcat.TomcatWebServer  : Tomcat initialized with port(s): 8080 (http)
2024-07-01T10:57:03.390+08:00  INFO 11340 --- [main] o.apache.catalina.core.StandardService   : Starting service [Tomcat]
2024-07-01T10:57:03.390+08:00  INFO 11340 --- [main] o.apache.catalina.core.StandardEngine    : Starting Servlet engine: [Apache Tomcat/10.1.1]
2024-07-01T10:57:03.496+08:00  INFO 11340 --- [main] o.a.c.c.C.[Tomcat].[localhost].[/]       : Initializing Spring embedded WebApplicationContext
2024-07-01T10:57:03.498+08:00  INFO 11340 --- [main] w.s.c.ServletWebServerApplicationContext : Root WebApplicationContext: initialization completed in 1165 ms
2024-07-01T10:57:03.950+08:00  INFO 11340 --- [main] o.s.b.w.embedded.tomcat.TomcatWebServer  : Tomcat started on port(s): 8080 (http) with context path ''
2024-07-01T10:57:03.958+08:00  INFO 11340 --- [main] com.itranswarp.learnjava.Application     : Started Application in 2.075 seconds (process running for 2.646)
2024-07-01T10:57:26.978+08:00  INFO 11340 --- [http-nio-8080-exec-1] o.a.c.c.C.[Tomcat].[localhost].[/]       : Initializing Spring DispatcherServlet 'dispatcherServlet'
2024-07-01T10:57:26.978+08:00  INFO 11340 --- [http-nio-8080-exec-1] o.s.web.servlet.DispatcherServlet        : Initializing Servlet 'dispatcherServlet'
2024-07-01T10:57:26.979+08:00  INFO 11340 --- [http-nio-8080-exec-1] o.s.web.servlet.DispatcherServlet        : Completed initialization in 1 ms
2024-07-01T11:09:07.659+08:00  INFO 18116 --- [main] com.itranswarp.learnjava.Application     : Starting Application using Java 21.0.2 with PID 18116 (D:\后端\springboot-hello\target\classes started by 黑羽同学 in D:\后端\springboot-hello)
2024-07-01T11:09:07.663+08:00  INFO 18116 --- [main] com.itranswarp.learnjava.Application     : No active profile set, falling back to 1 default profile: "default"
2024-07-01T11:09:07.813+08:00  WARN 18116 --- [main] ConfigServletWebServerApplicationContext : Exception encountered during context initialization - cancelling refresh attempt: org.springframework.beans.factory.BeanDefinitionStoreException: Failed to read candidate component class: file [D:\后端\springboot-hello\target\classes\com\itranswarp\learnjava\Application$1.class]
2024-07-01T11:09:07.841+08:00 ERROR 18116 --- [main] o.s.boot.SpringApplication               : Application run failed

org.springframework.beans.factory.BeanDefinitionStoreException: Failed to read candidate component class: file [D:\后端\springboot-hello\target\classes\com\itranswarp\learnjava\Application$1.class]
	at org.springframework.context.annotation.ClassPathScanningCandidateComponentProvider.scanCandidateComponents(ClassPathScanningCandidateComponentProvider.java:462)
	at org.springframework.context.annotation.ClassPathScanningCandidateComponentProvider.findCandidateComponents(ClassPathScanningCandidateComponentProvider.java:316)
	at org.springframework.context.annotation.ClassPathBeanDefinitionScanner.doScan(ClassPathBeanDefinitionScanner.java:276)
	at org.springframework.context.annotation.ComponentScanAnnotationParser.parse(ComponentScanAnnotationParser.java:128)
	at org.springframework.context.annotation.ConfigurationClassParser.doProcessConfigurationClass(ConfigurationClassParser.java:290)
	at org.springframework.context.annotation.ConfigurationClassParser.processConfigurationClass(ConfigurationClassParser.java:244)
	at org.springframework.context.annotation.ConfigurationClassParser.parse(ConfigurationClassParser.java:197)
	at org.springframework.context.annotation.ConfigurationClassParser.parse(ConfigurationClassParser.java:165)
	at org.springframework.context.annotation.ConfigurationClassPostProcessor.processConfigBeanDefinitions(ConfigurationClassPostProcessor.java:397)
	at org.springframework.context.annotation.ConfigurationClassPostProcessor.postProcessBeanDefinitionRegistry(ConfigurationClassPostProcessor.java:283)
	at org.springframework.context.support.PostProcessorRegistrationDelegate.invokeBeanDefinitionRegistryPostProcessors(PostProcessorRegistrationDelegate.java:344)
	at org.springframework.context.support.PostProcessorRegistrationDelegate.invokeBeanFactoryPostProcessors(PostProcessorRegistrationDelegate.java:115)
	at org.springframework.context.support.AbstractApplicationContext.invokeBeanFactoryPostProcessors(AbstractApplicationContext.java:745)
	at org.springframework.context.support.AbstractApplicationContext.refresh(AbstractApplicationContext.java:565)
	at org.springframework.boot.web.servlet.context.ServletWebServerApplicationContext.refresh(ServletWebServerApplicationContext.java:146)
	at org.springframework.boot.SpringApplication.refresh(SpringApplication.java:730)
	at org.springframework.boot.SpringApplication.refreshContext(SpringApplication.java:432)
	at org.springframework.boot.SpringApplication.run(SpringApplication.java:308)
	at org.springframework.boot.SpringApplication.run(SpringApplication.java:1302)
	at org.springframework.boot.SpringApplication.run(SpringApplication.java:1291)
	at com.itranswarp.learnjava.Application.main(Application.java:14)
Caused by: java.io.IOException: ASM ClassReader failed to parse class file - probably due to a new Java class file version that isn't supported yet: file [D:\后端\springboot-hello\target\classes\com\itranswarp\learnjava\Application$1.class]
	at org.springframework.core.type.classreading.SimpleMetadataReader.getClassReader(SimpleMetadataReader.java:59)
	at org.springframework.core.type.classreading.SimpleMetadataReader.<init>(SimpleMetadataReader.java:48)
	at org.springframework.core.type.classreading.SimpleMetadataReaderFactory.getMetadataReader(SimpleMetadataReaderFactory.java:103)
	at org.springframework.core.type.classreading.CachingMetadataReaderFactory.getMetadataReader(CachingMetadataReaderFactory.java:122)
	at org.springframework.context.annotation.ClassPathScanningCandidateComponentProvider.scanCandidateComponents(ClassPathScanningCandidateComponentProvider.java:434)
	... 20 common frames omitted
Caused by: java.lang.IllegalArgumentException: Unsupported class file major version 65
	at org.springframework.asm.ClassReader.<init>(ClassReader.java:199)
	at org.springframework.asm.ClassReader.<init>(ClassReader.java:180)
	at org.springframework.asm.ClassReader.<init>(ClassReader.java:166)
	at org.springframework.asm.ClassReader.<init>(ClassReader.java:287)
	at org.springframework.core.type.classreading.SimpleMetadataReader.getClassReader(SimpleMetadataReader.java:56)
	... 24 common frames omitted

2024-07-01T11:09:40.385+08:00  INFO 12784 --- [main] com.itranswarp.learnjava.Application     : Starting Application using Java 21.0.2 with PID 12784 (D:\后端\springboot-hello\target\classes started by 黑羽同学 in D:\后端\springboot-hello)
2024-07-01T11:09:40.390+08:00  INFO 12784 --- [main] com.itranswarp.learnjava.Application     : No active profile set, falling back to 1 default profile: "default"
2024-07-01T11:09:40.558+08:00  WARN 12784 --- [main] ConfigServletWebServerApplicationContext : Exception encountered during context initialization - cancelling refresh attempt: org.springframework.beans.factory.BeanDefinitionStoreException: Failed to read candidate component class: file [D:\后端\springboot-hello\target\classes\com\itranswarp\learnjava\Application$1.class]
2024-07-01T11:09:40.588+08:00 ERROR 12784 --- [main] o.s.boot.SpringApplication               : Application run failed

org.springframework.beans.factory.BeanDefinitionStoreException: Failed to read candidate component class: file [D:\后端\springboot-hello\target\classes\com\itranswarp\learnjava\Application$1.class]
	at org.springframework.context.annotation.ClassPathScanningCandidateComponentProvider.scanCandidateComponents(ClassPathScanningCandidateComponentProvider.java:462)
	at org.springframework.context.annotation.ClassPathScanningCandidateComponentProvider.findCandidateComponents(ClassPathScanningCandidateComponentProvider.java:316)
	at org.springframework.context.annotation.ClassPathBeanDefinitionScanner.doScan(ClassPathBeanDefinitionScanner.java:276)
	at org.springframework.context.annotation.ComponentScanAnnotationParser.parse(ComponentScanAnnotationParser.java:128)
	at org.springframework.context.annotation.ConfigurationClassParser.doProcessConfigurationClass(ConfigurationClassParser.java:290)
	at org.springframework.context.annotation.ConfigurationClassParser.processConfigurationClass(ConfigurationClassParser.java:244)
	at org.springframework.context.annotation.ConfigurationClassParser.parse(ConfigurationClassParser.java:197)
	at org.springframework.context.annotation.ConfigurationClassParser.parse(ConfigurationClassParser.java:165)
	at org.springframework.context.annotation.ConfigurationClassPostProcessor.processConfigBeanDefinitions(ConfigurationClassPostProcessor.java:397)
	at org.springframework.context.annotation.ConfigurationClassPostProcessor.postProcessBeanDefinitionRegistry(ConfigurationClassPostProcessor.java:283)
	at org.springframework.context.support.PostProcessorRegistrationDelegate.invokeBeanDefinitionRegistryPostProcessors(PostProcessorRegistrationDelegate.java:344)
	at org.springframework.context.support.PostProcessorRegistrationDelegate.invokeBeanFactoryPostProcessors(PostProcessorRegistrationDelegate.java:115)
	at org.springframework.context.support.AbstractApplicationContext.invokeBeanFactoryPostProcessors(AbstractApplicationContext.java:745)
	at org.springframework.context.support.AbstractApplicationContext.refresh(AbstractApplicationContext.java:565)
	at org.springframework.boot.web.servlet.context.ServletWebServerApplicationContext.refresh(ServletWebServerApplicationContext.java:146)
	at org.springframework.boot.SpringApplication.refresh(SpringApplication.java:730)
	at org.springframework.boot.SpringApplication.refreshContext(SpringApplication.java:432)
	at org.springframework.boot.SpringApplication.run(SpringApplication.java:308)
	at org.springframework.boot.SpringApplication.run(SpringApplication.java:1302)
	at org.springframework.boot.SpringApplication.run(SpringApplication.java:1291)
	at com.itranswarp.learnjava.Application.main(Application.java:14)
Caused by: java.io.IOException: ASM ClassReader failed to parse class file - probably due to a new Java class file version that isn't supported yet: file [D:\后端\springboot-hello\target\classes\com\itranswarp\learnjava\Application$1.class]
	at org.springframework.core.type.classreading.SimpleMetadataReader.getClassReader(SimpleMetadataReader.java:59)
	at org.springframework.core.type.classreading.SimpleMetadataReader.<init>(SimpleMetadataReader.java:48)
	at org.springframework.core.type.classreading.SimpleMetadataReaderFactory.getMetadataReader(SimpleMetadataReaderFactory.java:103)
	at org.springframework.core.type.classreading.CachingMetadataReaderFactory.getMetadataReader(CachingMetadataReaderFactory.java:122)
	at org.springframework.context.annotation.ClassPathScanningCandidateComponentProvider.scanCandidateComponents(ClassPathScanningCandidateComponentProvider.java:434)
	... 20 common frames omitted
Caused by: java.lang.IllegalArgumentException: Unsupported class file major version 65
	at org.springframework.asm.ClassReader.<init>(ClassReader.java:199)
	at org.springframework.asm.ClassReader.<init>(ClassReader.java:180)
	at org.springframework.asm.ClassReader.<init>(ClassReader.java:166)
	at org.springframework.asm.ClassReader.<init>(ClassReader.java:287)
	at org.springframework.core.type.classreading.SimpleMetadataReader.getClassReader(SimpleMetadataReader.java:56)
	... 24 common frames omitted

2024-07-01T11:10:07.798+08:00  INFO 12312 --- [main] com.itranswarp.learnjava.Application     : Starting Application using Java 21.0.2 with PID 12312 (D:\后端\springboot-hello\target\classes started by 黑羽同学 in D:\后端\springboot-hello)
2024-07-01T11:10:07.802+08:00  INFO 12312 --- [main] com.itranswarp.learnjava.Application     : No active profile set, falling back to 1 default profile: "default"
2024-07-01T11:10:08.868+08:00  INFO 12312 --- [main] o.s.b.w.embedded.tomcat.TomcatWebServer  : Tomcat initialized with port(s): 8080 (http)
2024-07-01T11:10:08.879+08:00  INFO 12312 --- [main] o.apache.catalina.core.StandardService   : Starting service [Tomcat]
2024-07-01T11:10:08.879+08:00  INFO 12312 --- [main] o.apache.catalina.core.StandardEngine    : Starting Servlet engine: [Apache Tomcat/10.1.1]
2024-07-01T11:10:08.985+08:00  INFO 12312 --- [main] o.a.c.c.C.[Tomcat].[localhost].[/]       : Initializing Spring embedded WebApplicationContext
2024-07-01T11:10:08.987+08:00  INFO 12312 --- [main] w.s.c.ServletWebServerApplicationContext : Root WebApplicationContext: initialization completed in 1130 ms
2024-07-01T11:10:09.473+08:00  INFO 12312 --- [main] o.s.b.w.embedded.tomcat.TomcatWebServer  : Tomcat started on port(s): 8080 (http) with context path ''
2024-07-01T11:10:09.486+08:00  INFO 12312 --- [main] com.itranswarp.learnjava.Application     : Started Application in 2.074 seconds (process running for 2.668)
2024-07-01T11:10:14.969+08:00  INFO 12312 --- [http-nio-8080-exec-1] o.a.c.c.C.[Tomcat].[localhost].[/]       : Initializing Spring DispatcherServlet 'dispatcherServlet'
2024-07-01T11:10:14.970+08:00  INFO 12312 --- [http-nio-8080-exec-1] o.s.web.servlet.DispatcherServlet        : Initializing Servlet 'dispatcherServlet'
2024-07-01T11:10:14.971+08:00  INFO 12312 --- [http-nio-8080-exec-1] o.s.web.servlet.DispatcherServlet        : Completed initialization in 1 ms
2024-07-01T11:10:28.772+08:00  INFO 9560 --- [main] com.itranswarp.learnjava.Application     : Starting Application using Java 21.0.2 with PID 9560 (D:\后端\springboot-hello\target\classes started by 黑羽同学 in D:\后端\springboot-hello)
2024-07-01T11:10:28.775+08:00  INFO 9560 --- [main] com.itranswarp.learnjava.Application     : No active profile set, falling back to 1 default profile: "default"
2024-07-01T11:10:29.850+08:00  INFO 9560 --- [main] o.s.b.w.embedded.tomcat.TomcatWebServer  : Tomcat initialized with port(s): 8080 (http)
2024-07-01T11:10:29.859+08:00  INFO 9560 --- [main] o.apache.catalina.core.StandardService   : Starting service [Tomcat]
2024-07-01T11:10:29.860+08:00  INFO 9560 --- [main] o.apache.catalina.core.StandardEngine    : Starting Servlet engine: [Apache Tomcat/10.1.1]
2024-07-01T11:10:29.964+08:00  INFO 9560 --- [main] o.a.c.c.C.[Tomcat].[localhost].[/]       : Initializing Spring embedded WebApplicationContext
2024-07-01T11:10:29.966+08:00  INFO 9560 --- [main] w.s.c.ServletWebServerApplicationContext : Root WebApplicationContext: initialization completed in 1143 ms
2024-07-01T11:10:30.524+08:00  INFO 9560 --- [main] o.s.b.w.embedded.tomcat.TomcatWebServer  : Tomcat started on port(s): 8080 (http) with context path ''
2024-07-01T11:10:30.532+08:00  INFO 9560 --- [main] com.itranswarp.learnjava.Application     : Started Application in 2.112 seconds (process running for 2.67)
2024-07-01T11:10:35.250+08:00  INFO 9560 --- [http-nio-8080-exec-1] o.a.c.c.C.[Tomcat].[localhost].[/]       : Initializing Spring DispatcherServlet 'dispatcherServlet'
2024-07-01T11:10:35.250+08:00  INFO 9560 --- [http-nio-8080-exec-1] o.s.web.servlet.DispatcherServlet        : Initializing Servlet 'dispatcherServlet'
2024-07-01T11:10:35.251+08:00  INFO 9560 --- [http-nio-8080-exec-1] o.s.web.servlet.DispatcherServlet        : Completed initialization in 1 ms
2024-07-01T11:15:08.039+08:00  INFO 3428 --- [main] com.itranswarp.learnjava.Application     : Starting Application using Java 21.0.2 with PID 3428 (D:\后端\springboot-hello\target\classes started by 黑羽同学 in D:\后端\springboot-hello)
2024-07-01T11:15:08.043+08:00  INFO 3428 --- [main] com.itranswarp.learnjava.Application     : No active profile set, falling back to 1 default profile: "default"
2024-07-01T11:15:08.212+08:00  WARN 3428 --- [main] ConfigServletWebServerApplicationContext : Exception encountered during context initialization - cancelling refresh attempt: org.springframework.beans.factory.BeanDefinitionStoreException: Failed to read candidate component class: file [D:\后端\springboot-hello\target\classes\com\itranswarp\learnjava\Application$1.class]
2024-07-01T11:15:08.244+08:00 ERROR 3428 --- [main] o.s.boot.SpringApplication               : Application run failed

org.springframework.beans.factory.BeanDefinitionStoreException: Failed to read candidate component class: file [D:\后端\springboot-hello\target\classes\com\itranswarp\learnjava\Application$1.class]
	at org.springframework.context.annotation.ClassPathScanningCandidateComponentProvider.scanCandidateComponents(ClassPathScanningCandidateComponentProvider.java:462)
	at org.springframework.context.annotation.ClassPathScanningCandidateComponentProvider.findCandidateComponents(ClassPathScanningCandidateComponentProvider.java:316)
	at org.springframework.context.annotation.ClassPathBeanDefinitionScanner.doScan(ClassPathBeanDefinitionScanner.java:276)
	at org.springframework.context.annotation.ComponentScanAnnotationParser.parse(ComponentScanAnnotationParser.java:128)
	at org.springframework.context.annotation.ConfigurationClassParser.doProcessConfigurationClass(ConfigurationClassParser.java:290)
	at org.springframework.context.annotation.ConfigurationClassParser.processConfigurationClass(ConfigurationClassParser.java:244)
	at org.springframework.context.annotation.ConfigurationClassParser.parse(ConfigurationClassParser.java:197)
	at org.springframework.context.annotation.ConfigurationClassParser.parse(ConfigurationClassParser.java:165)
	at org.springframework.context.annotation.ConfigurationClassPostProcessor.processConfigBeanDefinitions(ConfigurationClassPostProcessor.java:397)
	at org.springframework.context.annotation.ConfigurationClassPostProcessor.postProcessBeanDefinitionRegistry(ConfigurationClassPostProcessor.java:283)
	at org.springframework.context.support.PostProcessorRegistrationDelegate.invokeBeanDefinitionRegistryPostProcessors(PostProcessorRegistrationDelegate.java:344)
	at org.springframework.context.support.PostProcessorRegistrationDelegate.invokeBeanFactoryPostProcessors(PostProcessorRegistrationDelegate.java:115)
	at org.springframework.context.support.AbstractApplicationContext.invokeBeanFactoryPostProcessors(AbstractApplicationContext.java:745)
	at org.springframework.context.support.AbstractApplicationContext.refresh(AbstractApplicationContext.java:565)
	at org.springframework.boot.web.servlet.context.ServletWebServerApplicationContext.refresh(ServletWebServerApplicationContext.java:146)
	at org.springframework.boot.SpringApplication.refresh(SpringApplication.java:730)
	at org.springframework.boot.SpringApplication.refreshContext(SpringApplication.java:432)
	at org.springframework.boot.SpringApplication.run(SpringApplication.java:308)
	at org.springframework.boot.SpringApplication.run(SpringApplication.java:1302)
	at org.springframework.boot.SpringApplication.run(SpringApplication.java:1291)
	at com.itranswarp.learnjava.Application.main(Application.java:14)
Caused by: java.io.IOException: ASM ClassReader failed to parse class file - probably due to a new Java class file version that isn't supported yet: file [D:\后端\springboot-hello\target\classes\com\itranswarp\learnjava\Application$1.class]
	at org.springframework.core.type.classreading.SimpleMetadataReader.getClassReader(SimpleMetadataReader.java:59)
	at org.springframework.core.type.classreading.SimpleMetadataReader.<init>(SimpleMetadataReader.java:48)
	at org.springframework.core.type.classreading.SimpleMetadataReaderFactory.getMetadataReader(SimpleMetadataReaderFactory.java:103)
	at org.springframework.core.type.classreading.CachingMetadataReaderFactory.getMetadataReader(CachingMetadataReaderFactory.java:122)
	at org.springframework.context.annotation.ClassPathScanningCandidateComponentProvider.scanCandidateComponents(ClassPathScanningCandidateComponentProvider.java:434)
	... 20 common frames omitted
Caused by: java.lang.IllegalArgumentException: Unsupported class file major version 65
	at org.springframework.asm.ClassReader.<init>(ClassReader.java:199)
	at org.springframework.asm.ClassReader.<init>(ClassReader.java:180)
	at org.springframework.asm.ClassReader.<init>(ClassReader.java:166)
	at org.springframework.asm.ClassReader.<init>(ClassReader.java:287)
	at org.springframework.core.type.classreading.SimpleMetadataReader.getClassReader(SimpleMetadataReader.java:56)
	... 24 common frames omitted

2024-07-01T11:15:36.647+08:00  INFO 4396 --- [main] com.itranswarp.learnjava.Application     : Starting Application using Java 21.0.2 with PID 4396 (D:\后端\springboot-hello\target\classes started by 黑羽同学 in D:\后端\springboot-hello)
2024-07-01T11:15:36.650+08:00  INFO 4396 --- [main] com.itranswarp.learnjava.Application     : No active profile set, falling back to 1 default profile: "default"
2024-07-01T11:15:37.743+08:00  INFO 4396 --- [main] o.s.b.w.embedded.tomcat.TomcatWebServer  : Tomcat initialized with port(s): 8080 (http)
2024-07-01T11:15:37.754+08:00  INFO 4396 --- [main] o.apache.catalina.core.StandardService   : Starting service [Tomcat]
2024-07-01T11:15:37.755+08:00  INFO 4396 --- [main] o.apache.catalina.core.StandardEngine    : Starting Servlet engine: [Apache Tomcat/10.1.1]
2024-07-01T11:15:37.867+08:00  INFO 4396 --- [main] o.a.c.c.C.[Tomcat].[localhost].[/]       : Initializing Spring embedded WebApplicationContext
2024-07-01T11:15:37.869+08:00  INFO 4396 --- [main] w.s.c.ServletWebServerApplicationContext : Root WebApplicationContext: initialization completed in 1162 ms
2024-07-01T11:15:38.337+08:00  INFO 4396 --- [main] o.s.b.w.embedded.tomcat.TomcatWebServer  : Tomcat started on port(s): 8080 (http) with context path ''
2024-07-01T11:15:38.348+08:00  INFO 4396 --- [main] com.itranswarp.learnjava.Application     : Started Application in 2.06 seconds (process running for 2.626)
2024-07-01T11:15:44.121+08:00  INFO 4396 --- [http-nio-8080-exec-1] o.a.c.c.C.[Tomcat].[localhost].[/]       : Initializing Spring DispatcherServlet 'dispatcherServlet'
2024-07-01T11:15:44.121+08:00  INFO 4396 --- [http-nio-8080-exec-1] o.s.web.servlet.DispatcherServlet        : Initializing Servlet 'dispatcherServlet'
2024-07-01T11:15:44.122+08:00  INFO 4396 --- [http-nio-8080-exec-1] o.s.web.servlet.DispatcherServlet        : Completed initialization in 1 ms
2024-07-01T11:16:21.132+08:00  INFO 16184 --- [main] com.itranswarp.learnjava.Application     : Starting Application using Java 21.0.2 with PID 16184 (D:\后端\springboot-hello\target\classes started by 黑羽同学 in D:\后端\springboot-hello)
2024-07-01T11:16:21.136+08:00  INFO 16184 --- [main] com.itranswarp.learnjava.Application     : No active profile set, falling back to 1 default profile: "default"
2024-07-01T11:16:22.362+08:00  INFO 16184 --- [main] o.s.b.w.embedded.tomcat.TomcatWebServer  : Tomcat initialized with port(s): 8080 (http)
2024-07-01T11:16:22.375+08:00  INFO 16184 --- [main] o.apache.catalina.core.StandardService   : Starting service [Tomcat]
2024-07-01T11:16:22.375+08:00  INFO 16184 --- [main] o.apache.catalina.core.StandardEngine    : Starting Servlet engine: [Apache Tomcat/10.1.1]
2024-07-01T11:16:22.515+08:00  INFO 16184 --- [main] o.a.c.c.C.[Tomcat].[localhost].[/]       : Initializing Spring embedded WebApplicationContext
2024-07-01T11:16:22.518+08:00  INFO 16184 --- [main] w.s.c.ServletWebServerApplicationContext : Root WebApplicationContext: initialization completed in 1305 ms
2024-07-01T11:16:23.100+08:00  INFO 16184 --- [main] o.s.b.w.embedded.tomcat.TomcatWebServer  : Tomcat started on port(s): 8080 (http) with context path ''
2024-07-01T11:16:23.114+08:00  INFO 16184 --- [main] com.itranswarp.learnjava.Application     : Started Application in 2.474 seconds (process running for 3.199)
2024-07-01T11:16:28.706+08:00  INFO 16184 --- [http-nio-8080-exec-1] o.a.c.c.C.[Tomcat].[localhost].[/]       : Initializing Spring DispatcherServlet 'dispatcherServlet'
2024-07-01T11:16:28.706+08:00  INFO 16184 --- [http-nio-8080-exec-1] o.s.web.servlet.DispatcherServlet        : Initializing Servlet 'dispatcherServlet'
2024-07-01T11:16:28.707+08:00  INFO 16184 --- [http-nio-8080-exec-1] o.s.web.servlet.DispatcherServlet        : Completed initialization in 1 ms
2024-07-01T11:17:18.090+08:00  INFO 2360 --- [main] com.itranswarp.learnjava.Application     : Starting Application using Java 21.0.2 with PID 2360 (D:\后端\springboot-hello\target\classes started by 黑羽同学 in D:\后端\springboot-hello)
2024-07-01T11:17:18.094+08:00  INFO 2360 --- [main] com.itranswarp.learnjava.Application     : No active profile set, falling back to 1 default profile: "default"
2024-07-01T11:17:19.215+08:00  INFO 2360 --- [main] o.s.b.w.embedded.tomcat.TomcatWebServer  : Tomcat initialized with port(s): 8080 (http)
2024-07-01T11:17:19.228+08:00  INFO 2360 --- [main] o.apache.catalina.core.StandardService   : Starting service [Tomcat]
2024-07-01T11:17:19.228+08:00  INFO 2360 --- [main] o.apache.catalina.core.StandardEngine    : Starting Servlet engine: [Apache Tomcat/10.1.1]
2024-07-01T11:17:19.341+08:00  INFO 2360 --- [main] o.a.c.c.C.[Tomcat].[localhost].[/]       : Initializing Spring embedded WebApplicationContext
2024-07-01T11:17:19.343+08:00  INFO 2360 --- [main] w.s.c.ServletWebServerApplicationContext : Root WebApplicationContext: initialization completed in 1185 ms
2024-07-01T11:17:19.811+08:00  INFO 2360 --- [main] o.s.b.w.embedded.tomcat.TomcatWebServer  : Tomcat started on port(s): 8080 (http) with context path ''
2024-07-01T11:17:19.821+08:00  INFO 2360 --- [main] com.itranswarp.learnjava.Application     : Started Application in 2.104 seconds (process running for 2.739)
2024-07-01T11:17:22.905+08:00  INFO 2360 --- [http-nio-8080-exec-1] o.a.c.c.C.[Tomcat].[localhost].[/]       : Initializing Spring DispatcherServlet 'dispatcherServlet'
2024-07-01T11:17:22.905+08:00  INFO 2360 --- [http-nio-8080-exec-1] o.s.web.servlet.DispatcherServlet        : Initializing Servlet 'dispatcherServlet'
2024-07-01T11:17:22.906+08:00  INFO 2360 --- [http-nio-8080-exec-1] o.s.web.servlet.DispatcherServlet        : Completed initialization in 1 ms
2024-07-01T11:17:46.472+08:00  INFO 2736 --- [main] com.itranswarp.learnjava.Application     : Starting Application using Java 21.0.2 with PID 2736 (D:\后端\springboot-hello\target\classes started by 黑羽同学 in D:\后端\springboot-hello)
2024-07-01T11:17:46.476+08:00  INFO 2736 --- [main] com.itranswarp.learnjava.Application     : No active profile set, falling back to 1 default profile: "default"
2024-07-01T11:17:47.665+08:00  INFO 2736 --- [main] o.s.b.w.embedded.tomcat.TomcatWebServer  : Tomcat initialized with port(s): 8080 (http)
2024-07-01T11:17:47.676+08:00  INFO 2736 --- [main] o.apache.catalina.core.StandardService   : Starting service [Tomcat]
2024-07-01T11:17:47.677+08:00  INFO 2736 --- [main] o.apache.catalina.core.StandardEngine    : Starting Servlet engine: [Apache Tomcat/10.1.1]
2024-07-01T11:17:47.790+08:00  INFO 2736 --- [main] o.a.c.c.C.[Tomcat].[localhost].[/]       : Initializing Spring embedded WebApplicationContext
2024-07-01T11:17:47.792+08:00  INFO 2736 --- [main] w.s.c.ServletWebServerApplicationContext : Root WebApplicationContext: initialization completed in 1254 ms
2024-07-01T11:17:48.262+08:00  INFO 2736 --- [main] o.s.b.w.embedded.tomcat.TomcatWebServer  : Tomcat started on port(s): 8080 (http) with context path ''
2024-07-01T11:17:48.269+08:00  INFO 2736 --- [main] com.itranswarp.learnjava.Application     : Started Application in 2.164 seconds (process running for 2.756)
2024-07-01T11:17:52.421+08:00  INFO 2736 --- [http-nio-8080-exec-1] o.a.c.c.C.[Tomcat].[localhost].[/]       : Initializing Spring DispatcherServlet 'dispatcherServlet'
2024-07-01T11:17:52.421+08:00  INFO 2736 --- [http-nio-8080-exec-1] o.s.web.servlet.DispatcherServlet        : Initializing Servlet 'dispatcherServlet'
2024-07-01T11:17:52.422+08:00  INFO 2736 --- [http-nio-8080-exec-1] o.s.web.servlet.DispatcherServlet        : Completed initialization in 1 ms
2024-07-01T11:21:02.541+08:00  INFO 7988 --- [main] com.itranswarp.learnjava.Application     : Starting Application using Java 21.0.2 with PID 7988 (D:\后端\springboot-hello\target\classes started by 黑羽同学 in D:\后端\springboot-hello)
2024-07-01T11:21:02.544+08:00  INFO 7988 --- [main] com.itranswarp.learnjava.Application     : No active profile set, falling back to 1 default profile: "default"
2024-07-01T11:21:02.689+08:00  WARN 7988 --- [main] ConfigServletWebServerApplicationContext : Exception encountered during context initialization - cancelling refresh attempt: org.springframework.beans.factory.BeanDefinitionStoreException: Failed to read candidate component class: file [D:\后端\springboot-hello\target\classes\com\itranswarp\learnjava\Application$1.class]
2024-07-01T11:21:02.717+08:00 ERROR 7988 --- [main] o.s.boot.SpringApplication               : Application run failed

org.springframework.beans.factory.BeanDefinitionStoreException: Failed to read candidate component class: file [D:\后端\springboot-hello\target\classes\com\itranswarp\learnjava\Application$1.class]
	at org.springframework.context.annotation.ClassPathScanningCandidateComponentProvider.scanCandidateComponents(ClassPathScanningCandidateComponentProvider.java:462)
	at org.springframework.context.annotation.ClassPathScanningCandidateComponentProvider.findCandidateComponents(ClassPathScanningCandidateComponentProvider.java:316)
	at org.springframework.context.annotation.ClassPathBeanDefinitionScanner.doScan(ClassPathBeanDefinitionScanner.java:276)
	at org.springframework.context.annotation.ComponentScanAnnotationParser.parse(ComponentScanAnnotationParser.java:128)
	at org.springframework.context.annotation.ConfigurationClassParser.doProcessConfigurationClass(ConfigurationClassParser.java:290)
	at org.springframework.context.annotation.ConfigurationClassParser.processConfigurationClass(ConfigurationClassParser.java:244)
	at org.springframework.context.annotation.ConfigurationClassParser.parse(ConfigurationClassParser.java:197)
	at org.springframework.context.annotation.ConfigurationClassParser.parse(ConfigurationClassParser.java:165)
	at org.springframework.context.annotation.ConfigurationClassPostProcessor.processConfigBeanDefinitions(ConfigurationClassPostProcessor.java:397)
	at org.springframework.context.annotation.ConfigurationClassPostProcessor.postProcessBeanDefinitionRegistry(ConfigurationClassPostProcessor.java:283)
	at org.springframework.context.support.PostProcessorRegistrationDelegate.invokeBeanDefinitionRegistryPostProcessors(PostProcessorRegistrationDelegate.java:344)
	at org.springframework.context.support.PostProcessorRegistrationDelegate.invokeBeanFactoryPostProcessors(PostProcessorRegistrationDelegate.java:115)
	at org.springframework.context.support.AbstractApplicationContext.invokeBeanFactoryPostProcessors(AbstractApplicationContext.java:745)
	at org.springframework.context.support.AbstractApplicationContext.refresh(AbstractApplicationContext.java:565)
	at org.springframework.boot.web.servlet.context.ServletWebServerApplicationContext.refresh(ServletWebServerApplicationContext.java:146)
	at org.springframework.boot.SpringApplication.refresh(SpringApplication.java:730)
	at org.springframework.boot.SpringApplication.refreshContext(SpringApplication.java:432)
	at org.springframework.boot.SpringApplication.run(SpringApplication.java:308)
	at org.springframework.boot.SpringApplication.run(SpringApplication.java:1302)
	at org.springframework.boot.SpringApplication.run(SpringApplication.java:1291)
	at com.itranswarp.learnjava.Application.main(Application.java:14)
Caused by: java.io.IOException: ASM ClassReader failed to parse class file - probably due to a new Java class file version that isn't supported yet: file [D:\后端\springboot-hello\target\classes\com\itranswarp\learnjava\Application$1.class]
	at org.springframework.core.type.classreading.SimpleMetadataReader.getClassReader(SimpleMetadataReader.java:59)
	at org.springframework.core.type.classreading.SimpleMetadataReader.<init>(SimpleMetadataReader.java:48)
	at org.springframework.core.type.classreading.SimpleMetadataReaderFactory.getMetadataReader(SimpleMetadataReaderFactory.java:103)
	at org.springframework.core.type.classreading.CachingMetadataReaderFactory.getMetadataReader(CachingMetadataReaderFactory.java:122)
	at org.springframework.context.annotation.ClassPathScanningCandidateComponentProvider.scanCandidateComponents(ClassPathScanningCandidateComponentProvider.java:434)
	... 20 common frames omitted
Caused by: java.lang.IllegalArgumentException: Unsupported class file major version 65
	at org.springframework.asm.ClassReader.<init>(ClassReader.java:199)
	at org.springframework.asm.ClassReader.<init>(ClassReader.java:180)
	at org.springframework.asm.ClassReader.<init>(ClassReader.java:166)
	at org.springframework.asm.ClassReader.<init>(ClassReader.java:287)
	at org.springframework.core.type.classreading.SimpleMetadataReader.getClassReader(SimpleMetadataReader.java:56)
	... 24 common frames omitted

2024-07-01T11:21:26.298+08:00  INFO 7604 --- [main] com.itranswarp.learnjava.Application     : Starting Application using Java 21.0.2 with PID 7604 (D:\后端\springboot-hello\target\classes started by 黑羽同学 in D:\后端\springboot-hello)
2024-07-01T11:21:26.301+08:00  INFO 7604 --- [main] com.itranswarp.learnjava.Application     : No active profile set, falling back to 1 default profile: "default"
2024-07-01T11:21:27.445+08:00  INFO 7604 --- [main] o.s.b.w.embedded.tomcat.TomcatWebServer  : Tomcat initialized with port(s): 8080 (http)
2024-07-01T11:21:27.457+08:00  INFO 7604 --- [main] o.apache.catalina.core.StandardService   : Starting service [Tomcat]
2024-07-01T11:21:27.457+08:00  INFO 7604 --- [main] o.apache.catalina.core.StandardEngine    : Starting Servlet engine: [Apache Tomcat/10.1.1]
2024-07-01T11:21:27.567+08:00  INFO 7604 --- [main] o.a.c.c.C.[Tomcat].[localhost].[/]       : Initializing Spring embedded WebApplicationContext
2024-07-01T11:21:27.569+08:00  INFO 7604 --- [main] w.s.c.ServletWebServerApplicationContext : Root WebApplicationContext: initialization completed in 1216 ms
2024-07-01T11:21:28.083+08:00  INFO 7604 --- [main] o.s.b.w.embedded.tomcat.TomcatWebServer  : Tomcat started on port(s): 8080 (http) with context path ''
2024-07-01T11:21:28.091+08:00  INFO 7604 --- [main] com.itranswarp.learnjava.Application     : Started Application in 2.268 seconds (process running for 3.003)
2024-07-01T11:21:31.811+08:00  INFO 7604 --- [http-nio-8080-exec-1] o.a.c.c.C.[Tomcat].[localhost].[/]       : Initializing Spring DispatcherServlet 'dispatcherServlet'
2024-07-01T11:21:31.811+08:00  INFO 7604 --- [http-nio-8080-exec-1] o.s.web.servlet.DispatcherServlet        : Initializing Servlet 'dispatcherServlet'
2024-07-01T11:21:31.812+08:00  INFO 7604 --- [http-nio-8080-exec-1] o.s.web.servlet.DispatcherServlet        : Completed initialization in 1 ms
2024-07-01T11:22:19.079+08:00  INFO 18540 --- [main] com.itranswarp.learnjava.Application     : Starting Application using Java 21.0.2 with PID 18540 (D:\后端\springboot-hello\target\classes started by 黑羽同学 in D:\后端\springboot-hello)
2024-07-01T11:22:19.082+08:00  INFO 18540 --- [main] com.itranswarp.learnjava.Application     : No active profile set, falling back to 1 default profile: "default"
2024-07-01T11:22:20.238+08:00  INFO 18540 --- [main] o.s.b.w.embedded.tomcat.TomcatWebServer  : Tomcat initialized with port(s): 8080 (http)
2024-07-01T11:22:20.251+08:00  INFO 18540 --- [main] o.apache.catalina.core.StandardService   : Starting service [Tomcat]
2024-07-01T11:22:20.252+08:00  INFO 18540 --- [main] o.apache.catalina.core.StandardEngine    : Starting Servlet engine: [Apache Tomcat/10.1.1]
2024-07-01T11:22:20.402+08:00  INFO 18540 --- [main] o.a.c.c.C.[Tomcat].[localhost].[/]       : Initializing Spring embedded WebApplicationContext
2024-07-01T11:22:20.404+08:00  INFO 18540 --- [main] w.s.c.ServletWebServerApplicationContext : Root WebApplicationContext: initialization completed in 1274 ms
2024-07-01T11:22:20.942+08:00  INFO 18540 --- [main] o.s.b.w.embedded.tomcat.TomcatWebServer  : Tomcat started on port(s): 8080 (http) with context path ''
2024-07-01T11:22:20.952+08:00  INFO 18540 --- [main] com.itranswarp.learnjava.Application     : Started Application in 2.209 seconds (process running for 2.789)
2024-07-01T11:22:21.379+08:00  INFO 18540 --- [http-nio-8080-exec-1] o.a.c.c.C.[Tomcat].[localhost].[/]       : Initializing Spring DispatcherServlet 'dispatcherServlet'
2024-07-01T11:22:21.380+08:00  INFO 18540 --- [http-nio-8080-exec-1] o.s.web.servlet.DispatcherServlet        : Initializing Servlet 'dispatcherServlet'
2024-07-01T11:22:21.381+08:00  INFO 18540 --- [http-nio-8080-exec-1] o.s.web.servlet.DispatcherServlet        : Completed initialization in 1 ms
2024-07-04T12:12:18.569+08:00  INFO 9872 --- [main] com.itranswarp.learnjava.Application     : Starting Application using Java 21.0.2 with PID 9872 (D:\后端\springboot-hello\target\classes started by 黑羽同学 in D:\后端\springboot-hello)
2024-07-04T12:12:18.571+08:00  INFO 9872 --- [main] com.itranswarp.learnjava.Application     : No active profile set, falling back to 1 default profile: "default"
2024-07-04T12:12:19.456+08:00  INFO 9872 --- [main] o.s.b.w.embedded.tomcat.TomcatWebServer  : Tomcat initialized with port(s): 8080 (http)
2024-07-04T12:12:19.465+08:00  INFO 9872 --- [main] o.apache.catalina.core.StandardService   : Starting service [Tomcat]
2024-07-04T12:12:19.465+08:00  INFO 9872 --- [main] o.apache.catalina.core.StandardEngine    : Starting Servlet engine: [Apache Tomcat/10.1.1]
2024-07-04T12:12:19.542+08:00  INFO 9872 --- [main] o.a.c.c.C.[Tomcat].[localhost].[/]       : Initializing Spring embedded WebApplicationContext
2024-07-04T12:12:19.543+08:00  INFO 9872 --- [main] w.s.c.ServletWebServerApplicationContext : Root WebApplicationContext: initialization completed in 935 ms
2024-07-04T12:12:19.636+08:00  WARN 9872 --- [main] com.zaxxer.hikari.HikariConfig           : HikariPool-1 - idleTimeout is close to or more than maxLifetime, disabling it.
2024-07-04T12:12:19.637+08:00  INFO 9872 --- [main] com.zaxxer.hikari.HikariDataSource       : HikariPool-1 - Starting...
2024-07-04T12:12:19.930+08:00  INFO 9872 --- [main] com.zaxxer.hikari.pool.PoolBase          : HikariPool-1 - Driver does not support get/set network timeout for connections. (feature not supported)
2024-07-04T12:12:19.930+08:00  INFO 9872 --- [main] com.zaxxer.hikari.pool.HikariPool        : HikariPool-1 - Added connection org.hsqldb.jdbc.JDBCConnection@78fe204a
2024-07-04T12:12:19.931+08:00  INFO 9872 --- [main] com.zaxxer.hikari.HikariDataSource       : HikariPool-1 - Start completed.
2024-07-04T12:12:20.244+08:00  INFO 9872 --- [main] o.s.b.w.embedded.tomcat.TomcatWebServer  : Tomcat started on port(s): 8080 (http) with context path ''
2024-07-04T12:12:20.250+08:00  INFO 9872 --- [main] com.itranswarp.learnjava.Application     : Started Application in 2.012 seconds (process running for 2.522)
2024-07-04T12:12:26.064+08:00  INFO 9872 --- [http-nio-8080-exec-1] o.a.c.c.C.[Tomcat].[localhost].[/]       : Initializing Spring DispatcherServlet 'dispatcherServlet'
2024-07-04T12:12:26.064+08:00  INFO 9872 --- [http-nio-8080-exec-1] o.s.web.servlet.DispatcherServlet        : Initializing Servlet 'dispatcherServlet'
2024-07-04T12:12:26.065+08:00  INFO 9872 --- [http-nio-8080-exec-1] o.s.web.servlet.DispatcherServlet        : Completed initialization in 1 ms
2024-07-04T12:12:39.766+08:00  INFO 9872 --- [http-nio-8080-exec-9] c.i.learnjava.service.UserService        : try register by heyutongxue@gmail.com...
2024-07-04T12:14:58.803+08:00  INFO 9872 --- [http-nio-8080-exec-6] c.i.learnjava.service.UserService        : try register by heyutongxue@gmail.com...
2024-07-04T12:16:00.450+08:00  INFO 9872 --- [SpringApplicationShutdownHook] com.zaxxer.hikari.HikariDataSource       : HikariPool-1 - Shutdown initiated...
2024-07-04T12:16:00.454+08:00  INFO 9872 --- [SpringApplicationShutdownHook] com.zaxxer.hikari.HikariDataSource       : HikariPool-1 - Shutdown completed.
2024-07-04T12:16:03.696+08:00  INFO 11228 --- [main] com.itranswarp.learnjava.Application     : Starting Application using Java 21.0.2 with PID 11228 (D:\后端\springboot-hello\target\classes started by 黑羽同学 in D:\后端\springboot-hello)
2024-07-04T12:16:03.699+08:00  INFO 11228 --- [main] com.itranswarp.learnjava.Application     : No active profile set, falling back to 1 default profile: "default"
2024-07-04T12:16:04.596+08:00  INFO 11228 --- [main] o.s.b.w.embedded.tomcat.TomcatWebServer  : Tomcat initialized with port(s): 8080 (http)
2024-07-04T12:16:04.604+08:00  INFO 11228 --- [main] o.apache.catalina.core.StandardService   : Starting service [Tomcat]
2024-07-04T12:16:04.604+08:00  INFO 11228 --- [main] o.apache.catalina.core.StandardEngine    : Starting Servlet engine: [Apache Tomcat/10.1.1]
2024-07-04T12:16:04.680+08:00  INFO 11228 --- [main] o.a.c.c.C.[Tomcat].[localhost].[/]       : Initializing Spring embedded WebApplicationContext
2024-07-04T12:16:04.682+08:00  INFO 11228 --- [main] w.s.c.ServletWebServerApplicationContext : Root WebApplicationContext: initialization completed in 904 ms
2024-07-04T12:16:04.772+08:00  WARN 11228 --- [main] com.zaxxer.hikari.HikariConfig           : HikariPool-1 - idleTimeout is close to or more than maxLifetime, disabling it.
2024-07-04T12:16:04.773+08:00  INFO 11228 --- [main] com.zaxxer.hikari.HikariDataSource       : HikariPool-1 - Starting...
2024-07-04T12:16:10.207+08:00  INFO 11228 --- [main] com.zaxxer.hikari.pool.PoolBase          : HikariPool-1 - Driver does not support get/set network timeout for connections. (feature not supported)
2024-07-04T12:16:10.208+08:00  INFO 11228 --- [main] com.zaxxer.hikari.pool.HikariPool        : HikariPool-1 - Added connection org.hsqldb.jdbc.JDBCConnection@6f3f0ae
2024-07-04T12:16:10.209+08:00  INFO 11228 --- [main] com.zaxxer.hikari.HikariDataSource       : HikariPool-1 - Start completed.
2024-07-04T12:16:10.532+08:00  INFO 11228 --- [main] o.s.b.w.embedded.tomcat.TomcatWebServer  : Tomcat started on port(s): 8080 (http) with context path ''
2024-07-04T12:16:10.538+08:00  INFO 11228 --- [main] com.itranswarp.learnjava.Application     : Started Application in 7.132 seconds (process running for 7.566)
2024-07-04T12:16:10.602+08:00  INFO 11228 --- [http-nio-8080-exec-1] o.a.c.c.C.[Tomcat].[localhost].[/]       : Initializing Spring DispatcherServlet 'dispatcherServlet'
2024-07-04T12:16:10.602+08:00  INFO 11228 --- [http-nio-8080-exec-1] o.s.web.servlet.DispatcherServlet        : Initializing Servlet 'dispatcherServlet'
2024-07-04T12:16:10.603+08:00  INFO 11228 --- [http-nio-8080-exec-1] o.s.web.servlet.DispatcherServlet        : Completed initialization in 1 ms
2024-07-04T12:16:10.632+08:00  INFO 11228 --- [http-nio-8080-exec-1] c.i.learnjava.service.UserService        : try register by heyutongxue@gmail.com...
2024-07-04T12:16:10.638+08:00 ERROR 11228 --- [http-nio-8080-exec-1] c.i.learnjava.web.UserController         : PreparedStatementCallback; bad SQL grammar []
2024-07-04T12:16:14.587+08:00  INFO 11228 --- [http-nio-8080-exec-2] c.i.learnjava.service.UserService        : try register by heyutongxue@gmail.com...
2024-07-04T12:16:14.588+08:00 ERROR 11228 --- [http-nio-8080-exec-2] c.i.learnjava.web.UserController         : PreparedStatementCallback; bad SQL grammar []
2024-07-04T12:16:25.055+08:00  INFO 11228 --- [http-nio-8080-exec-5] c.i.learnjava.service.UserService        : try register by heyutongxue@gmail.com...
2024-07-04T12:16:25.055+08:00 ERROR 11228 --- [http-nio-8080-exec-5] c.i.learnjava.web.UserController         : PreparedStatementCallback; bad SQL grammar []
2024-07-04T12:17:02.577+08:00  INFO 11228 --- [SpringApplicationShutdownHook] com.zaxxer.hikari.HikariDataSource       : HikariPool-1 - Shutdown initiated...
2024-07-04T12:17:02.580+08:00  INFO 11228 --- [SpringApplicationShutdownHook] com.zaxxer.hikari.HikariDataSource       : HikariPool-1 - Shutdown completed.
2024-07-04T12:17:04.909+08:00  INFO 16712 --- [main] com.itranswarp.learnjava.Application     : Starting Application using Java 21.0.2 with PID 16712 (D:\后端\springboot-hello\target\classes started by 黑羽同学 in D:\后端\springboot-hello)
2024-07-04T12:17:04.912+08:00  INFO 16712 --- [main] com.itranswarp.learnjava.Application     : No active profile set, falling back to 1 default profile: "default"
2024-07-04T12:17:05.694+08:00  INFO 16712 --- [main] o.s.b.w.embedded.tomcat.TomcatWebServer  : Tomcat initialized with port(s): 8080 (http)
2024-07-04T12:17:05.702+08:00  INFO 16712 --- [main] o.apache.catalina.core.StandardService   : Starting service [Tomcat]
2024-07-04T12:17:05.703+08:00  INFO 16712 --- [main] o.apache.catalina.core.StandardEngine    : Starting Servlet engine: [Apache Tomcat/10.1.1]
2024-07-04T12:17:05.773+08:00  INFO 16712 --- [main] o.a.c.c.C.[Tomcat].[localhost].[/]       : Initializing Spring embedded WebApplicationContext
2024-07-04T12:17:05.774+08:00  INFO 16712 --- [main] w.s.c.ServletWebServerApplicationContext : Root WebApplicationContext: initialization completed in 824 ms
2024-07-04T12:17:05.856+08:00  WARN 16712 --- [main] com.zaxxer.hikari.HikariConfig           : HikariPool-1 - idleTimeout is close to or more than maxLifetime, disabling it.
2024-07-04T12:17:05.857+08:00  INFO 16712 --- [main] com.zaxxer.hikari.HikariDataSource       : HikariPool-1 - Starting...
2024-07-04T12:17:11.305+08:00  INFO 16712 --- [main] com.zaxxer.hikari.pool.PoolBase          : HikariPool-1 - Driver does not support get/set network timeout for connections. (feature not supported)
2024-07-04T12:17:11.306+08:00  INFO 16712 --- [main] com.zaxxer.hikari.pool.HikariPool        : HikariPool-1 - Added connection org.hsqldb.jdbc.JDBCConnection@44114b9f
2024-07-04T12:17:11.307+08:00  INFO 16712 --- [main] com.zaxxer.hikari.HikariDataSource       : HikariPool-1 - Start completed.
2024-07-04T12:17:11.618+08:00  INFO 16712 --- [main] o.s.b.w.embedded.tomcat.TomcatWebServer  : Tomcat started on port(s): 8080 (http) with context path ''
2024-07-04T12:17:11.624+08:00  INFO 16712 --- [main] com.itranswarp.learnjava.Application     : Started Application in 7.001 seconds (process running for 7.442)
2024-07-04T12:17:14.781+08:00  INFO 16712 --- [http-nio-8080-exec-1] o.a.c.c.C.[Tomcat].[localhost].[/]       : Initializing Spring DispatcherServlet 'dispatcherServlet'
2024-07-04T12:17:14.782+08:00  INFO 16712 --- [http-nio-8080-exec-1] o.s.web.servlet.DispatcherServlet        : Initializing Servlet 'dispatcherServlet'
2024-07-04T12:17:14.782+08:00  INFO 16712 --- [http-nio-8080-exec-1] o.s.web.servlet.DispatcherServlet        : Completed initialization in 0 ms
2024-07-04T12:17:21.366+08:00  INFO 16712 --- [http-nio-8080-exec-2] c.i.learnjava.service.UserService        : try register by xiyitao@365huaer.net...
2024-07-04T12:17:21.372+08:00 ERROR 16712 --- [http-nio-8080-exec-2] c.i.learnjava.web.UserController         : PreparedStatementCallback; bad SQL grammar []
2024-07-04T12:18:29.579+08:00  INFO 16712 --- [SpringApplicationShutdownHook] com.zaxxer.hikari.HikariDataSource       : HikariPool-1 - Shutdown initiated...
2024-07-04T12:18:29.582+08:00  INFO 16712 --- [SpringApplicationShutdownHook] com.zaxxer.hikari.HikariDataSource       : HikariPool-1 - Shutdown completed.
2024-07-04T12:18:31.830+08:00  INFO 14324 --- [main] com.itranswarp.learnjava.Application     : Starting Application using Java 21.0.2 with PID 14324 (D:\后端\springboot-hello\target\classes started by 黑羽同学 in D:\后端\springboot-hello)
2024-07-04T12:18:31.832+08:00  INFO 14324 --- [main] com.itranswarp.learnjava.Application     : No active profile set, falling back to 1 default profile: "default"
2024-07-04T12:18:32.603+08:00  INFO 14324 --- [main] o.s.b.w.embedded.tomcat.TomcatWebServer  : Tomcat initialized with port(s): 8080 (http)
2024-07-04T12:18:32.610+08:00  INFO 14324 --- [main] o.apache.catalina.core.StandardService   : Starting service [Tomcat]
2024-07-04T12:18:32.611+08:00  INFO 14324 --- [main] o.apache.catalina.core.StandardEngine    : Starting Servlet engine: [Apache Tomcat/10.1.1]
2024-07-04T12:18:32.680+08:00  INFO 14324 --- [main] o.a.c.c.C.[Tomcat].[localhost].[/]       : Initializing Spring embedded WebApplicationContext
2024-07-04T12:18:32.681+08:00  INFO 14324 --- [main] w.s.c.ServletWebServerApplicationContext : Root WebApplicationContext: initialization completed in 815 ms
2024-07-04T12:18:32.763+08:00  WARN 14324 --- [main] com.zaxxer.hikari.HikariConfig           : HikariPool-1 - idleTimeout is close to or more than maxLifetime, disabling it.
2024-07-04T12:18:32.763+08:00  INFO 14324 --- [main] com.zaxxer.hikari.HikariDataSource       : HikariPool-1 - Starting...
2024-07-04T12:18:33.047+08:00  INFO 14324 --- [main] com.zaxxer.hikari.pool.PoolBase          : HikariPool-1 - Driver does not support get/set network timeout for connections. (feature not supported)
2024-07-04T12:18:33.048+08:00  INFO 14324 --- [main] com.zaxxer.hikari.pool.HikariPool        : HikariPool-1 - Added connection org.hsqldb.jdbc.JDBCConnection@6f3f0ae
2024-07-04T12:18:33.049+08:00  INFO 14324 --- [main] com.zaxxer.hikari.HikariDataSource       : HikariPool-1 - Start completed.
2024-07-04T12:18:33.342+08:00  INFO 14324 --- [main] o.s.b.w.embedded.tomcat.TomcatWebServer  : Tomcat started on port(s): 8080 (http) with context path ''
2024-07-04T12:18:33.348+08:00  INFO 14324 --- [main] com.itranswarp.learnjava.Application     : Started Application in 1.813 seconds (process running for 2.2)
2024-07-04T12:18:35.756+08:00  INFO 14324 --- [http-nio-8080-exec-1] o.a.c.c.C.[Tomcat].[localhost].[/]       : Initializing Spring DispatcherServlet 'dispatcherServlet'
2024-07-04T12:18:35.757+08:00  INFO 14324 --- [http-nio-8080-exec-1] o.s.web.servlet.DispatcherServlet        : Initializing Servlet 'dispatcherServlet'
2024-07-04T12:18:35.758+08:00  INFO 14324 --- [http-nio-8080-exec-1] o.s.web.servlet.DispatcherServlet        : Completed initialization in 1 ms
2024-07-04T12:18:44.392+08:00  INFO 14324 --- [http-nio-8080-exec-4] c.i.learnjava.service.UserService        : try register by xiyitao@365huaer.net...
2024-07-04T12:18:44.399+08:00 ERROR 14324 --- [http-nio-8080-exec-4] c.i.learnjava.web.UserController         : PreparedStatementCallback; bad SQL grammar []
2024-07-04T12:18:59.416+08:00  INFO 14324 --- [http-nio-8080-exec-6] c.i.learnjava.service.UserService        : try register by 2754372364@qq.com...
2024-07-04T12:18:59.416+08:00 ERROR 14324 --- [http-nio-8080-exec-6] c.i.learnjava.web.UserController         : PreparedStatementCallback; bad SQL grammar []
2024-07-04T12:20:45.850+08:00  INFO 14324 --- [SpringApplicationShutdownHook] com.zaxxer.hikari.HikariDataSource       : HikariPool-1 - Shutdown initiated...
2024-07-04T12:20:45.853+08:00  INFO 14324 --- [SpringApplicationShutdownHook] com.zaxxer.hikari.HikariDataSource       : HikariPool-1 - Shutdown completed.
2024-07-04T12:20:48.172+08:00  INFO 10264 --- [main] com.itranswarp.learnjava.Application     : Starting Application using Java 21.0.2 with PID 10264 (D:\后端\springboot-hello\target\classes started by 黑羽同学 in D:\后端\springboot-hello)
2024-07-04T12:20:48.175+08:00  INFO 10264 --- [main] com.itranswarp.learnjava.Application     : No active profile set, falling back to 1 default profile: "default"
2024-07-04T12:20:49.159+08:00  INFO 10264 --- [main] o.s.b.w.embedded.tomcat.TomcatWebServer  : Tomcat initialized with port(s): 8080 (http)
2024-07-04T12:20:49.166+08:00  INFO 10264 --- [main] o.apache.catalina.core.StandardService   : Starting service [Tomcat]
2024-07-04T12:20:49.167+08:00  INFO 10264 --- [main] o.apache.catalina.core.StandardEngine    : Starting Servlet engine: [Apache Tomcat/10.1.1]
2024-07-04T12:20:49.253+08:00  INFO 10264 --- [main] o.a.c.c.C.[Tomcat].[localhost].[/]       : Initializing Spring embedded WebApplicationContext
2024-07-04T12:20:49.257+08:00  INFO 10264 --- [main] w.s.c.ServletWebServerApplicationContext : Root WebApplicationContext: initialization completed in 1035 ms
2024-07-04T12:20:49.378+08:00  WARN 10264 --- [main] com.zaxxer.hikari.HikariConfig           : HikariPool-1 - idleTimeout is close to or more than maxLifetime, disabling it.
2024-07-04T12:20:49.379+08:00  INFO 10264 --- [main] com.zaxxer.hikari.HikariDataSource       : HikariPool-1 - Starting...
2024-07-04T12:20:53.794+08:00  INFO 10264 --- [main] com.zaxxer.hikari.pool.PoolBase          : HikariPool-1 - Driver does not support get/set network timeout for connections. (feature not supported)
2024-07-04T12:20:53.795+08:00  INFO 10264 --- [main] com.zaxxer.hikari.pool.HikariPool        : HikariPool-1 - Added connection org.hsqldb.jdbc.JDBCConnection@3b353651
2024-07-04T12:20:53.796+08:00  INFO 10264 --- [main] com.zaxxer.hikari.HikariDataSource       : HikariPool-1 - Start completed.
2024-07-04T12:20:54.122+08:00  INFO 10264 --- [main] o.s.b.w.embedded.tomcat.TomcatWebServer  : Tomcat started on port(s): 8080 (http) with context path ''
2024-07-04T12:20:54.130+08:00  INFO 10264 --- [main] com.itranswarp.learnjava.Application     : Started Application in 6.243 seconds (process running for 6.665)
2024-07-04T12:21:00.305+08:00  INFO 10264 --- [http-nio-8080-exec-1] o.a.c.c.C.[Tomcat].[localhost].[/]       : Initializing Spring DispatcherServlet 'dispatcherServlet'
2024-07-04T12:21:00.306+08:00  INFO 10264 --- [http-nio-8080-exec-1] o.s.web.servlet.DispatcherServlet        : Initializing Servlet 'dispatcherServlet'
2024-07-04T12:21:00.306+08:00  INFO 10264 --- [http-nio-8080-exec-1] o.s.web.servlet.DispatcherServlet        : Completed initialization in 0 ms
2024-07-04T12:21:00.333+08:00  INFO 10264 --- [http-nio-8080-exec-1] c.i.learnjava.service.UserService        : try register by 2754372364@qq.com...
2024-07-04T12:21:00.339+08:00 ERROR 10264 --- [http-nio-8080-exec-1] c.i.learnjava.web.UserController         : PreparedStatementCallback; bad SQL grammar []
2024-07-04T12:21:31.873+08:00  INFO 10264 --- [http-nio-8080-exec-10] c.i.learnjava.service.UserService        : try register by xiyitao@365huaer.net...
2024-07-04T12:21:31.874+08:00 ERROR 10264 --- [http-nio-8080-exec-10] c.i.learnjava.web.UserController         : PreparedStatementCallback; bad SQL grammar []
2024-07-04T12:23:14.377+08:00  INFO 10264 --- [SpringApplicationShutdownHook] com.zaxxer.hikari.HikariDataSource       : HikariPool-1 - Shutdown initiated...
2024-07-04T12:23:14.381+08:00  INFO 10264 --- [SpringApplicationShutdownHook] com.zaxxer.hikari.HikariDataSource       : HikariPool-1 - Shutdown completed.
2024-07-04T12:23:16.635+08:00  INFO 17124 --- [main] com.itranswarp.learnjava.Application     : Starting Application using Java 21.0.2 with PID 17124 (D:\后端\springboot-hello\target\classes started by 黑羽同学 in D:\后端\springboot-hello)
2024-07-04T12:23:16.637+08:00  INFO 17124 --- [main] com.itranswarp.learnjava.Application     : No active profile set, falling back to 1 default profile: "default"
2024-07-04T12:23:17.452+08:00  INFO 17124 --- [main] o.s.b.w.embedded.tomcat.TomcatWebServer  : Tomcat initialized with port(s): 8080 (http)
2024-07-04T12:23:17.460+08:00  INFO 17124 --- [main] o.apache.catalina.core.StandardService   : Starting service [Tomcat]
2024-07-04T12:23:17.460+08:00  INFO 17124 --- [main] o.apache.catalina.core.StandardEngine    : Starting Servlet engine: [Apache Tomcat/10.1.1]
2024-07-04T12:23:17.530+08:00  INFO 17124 --- [main] o.a.c.c.C.[Tomcat].[localhost].[/]       : Initializing Spring embedded WebApplicationContext
2024-07-04T12:23:17.531+08:00  INFO 17124 --- [main] w.s.c.ServletWebServerApplicationContext : Root WebApplicationContext: initialization completed in 859 ms
2024-07-04T12:23:17.612+08:00  WARN 17124 --- [main] com.zaxxer.hikari.HikariConfig           : HikariPool-1 - idleTimeout is close to or more than maxLifetime, disabling it.
2024-07-04T12:23:17.613+08:00  INFO 17124 --- [main] com.zaxxer.hikari.HikariDataSource       : HikariPool-1 - Starting...
2024-07-04T12:23:24.168+08:00  INFO 17124 --- [main] com.zaxxer.hikari.pool.PoolBase          : HikariPool-1 - Driver does not support get/set network timeout for connections. (feature not supported)
2024-07-04T12:23:24.169+08:00  INFO 17124 --- [main] com.zaxxer.hikari.pool.HikariPool        : HikariPool-1 - Added connection org.hsqldb.jdbc.JDBCConnection@363c32cc
2024-07-04T12:23:24.170+08:00  INFO 17124 --- [main] com.zaxxer.hikari.HikariDataSource       : HikariPool-1 - Start completed.
2024-07-04T12:23:24.480+08:00  INFO 17124 --- [main] o.s.b.w.embedded.tomcat.TomcatWebServer  : Tomcat started on port(s): 8080 (http) with context path ''
2024-07-04T12:23:24.486+08:00  INFO 17124 --- [main] com.itranswarp.learnjava.Application     : Started Application in 8.115 seconds (process running for 8.521)
2024-07-04T12:26:15.239+08:00  INFO 17124 --- [http-nio-8080-exec-1] o.a.c.c.C.[Tomcat].[localhost].[/]       : Initializing Spring DispatcherServlet 'dispatcherServlet'
2024-07-04T12:26:15.239+08:00  INFO 17124 --- [http-nio-8080-exec-1] o.s.web.servlet.DispatcherServlet        : Initializing Servlet 'dispatcherServlet'
2024-07-04T12:26:15.240+08:00  INFO 17124 --- [http-nio-8080-exec-1] o.s.web.servlet.DispatcherServlet        : Completed initialization in 1 ms
2024-07-04T12:26:23.351+08:00  INFO 17124 --- [http-nio-8080-exec-10] c.i.learnjava.service.UserService        : try register by xiyitao@365huaer.net...
2024-07-04T12:26:23.358+08:00 ERROR 17124 --- [http-nio-8080-exec-10] c.i.learnjava.web.UserController         : PreparedStatementCallback; bad SQL grammar []
2024-07-04T12:29:06.535+08:00  INFO 17124 --- [SpringApplicationShutdownHook] com.zaxxer.hikari.HikariDataSource       : HikariPool-1 - Shutdown initiated...
2024-07-04T12:29:06.539+08:00  INFO 17124 --- [SpringApplicationShutdownHook] com.zaxxer.hikari.HikariDataSource       : HikariPool-1 - Shutdown completed.
2024-07-04T12:29:08.938+08:00  INFO 13976 --- [main] com.itranswarp.learnjava.Application     : Starting Application using Java 21.0.2 with PID 13976 (D:\后端\springboot-hello\target\classes started by 黑羽同学 in D:\后端\springboot-hello)
2024-07-04T12:29:08.940+08:00  INFO 13976 --- [main] com.itranswarp.learnjava.Application     : No active profile set, falling back to 1 default profile: "default"
2024-07-04T12:29:09.830+08:00  INFO 13976 --- [main] o.s.b.w.embedded.tomcat.TomcatWebServer  : Tomcat initialized with port(s): 8080 (http)
2024-07-04T12:29:09.838+08:00  INFO 13976 --- [main] o.apache.catalina.core.StandardService   : Starting service [Tomcat]
2024-07-04T12:29:09.839+08:00  INFO 13976 --- [main] o.apache.catalina.core.StandardEngine    : Starting Servlet engine: [Apache Tomcat/10.1.1]
2024-07-04T12:29:09.920+08:00  INFO 13976 --- [main] o.a.c.c.C.[Tomcat].[localhost].[/]       : Initializing Spring embedded WebApplicationContext
2024-07-04T12:29:09.923+08:00  INFO 13976 --- [main] w.s.c.ServletWebServerApplicationContext : Root WebApplicationContext: initialization completed in 943 ms
2024-07-04T12:29:10.026+08:00  WARN 13976 --- [main] com.zaxxer.hikari.HikariConfig           : HikariPool-1 - idleTimeout is close to or more than maxLifetime, disabling it.
2024-07-04T12:29:10.028+08:00  INFO 13976 --- [main] com.zaxxer.hikari.HikariDataSource       : HikariPool-1 - Starting...
2024-07-04T12:29:14.427+08:00  INFO 13976 --- [main] com.zaxxer.hikari.pool.PoolBase          : HikariPool-1 - Driver does not support get/set network timeout for connections. (feature not supported)
2024-07-04T12:29:14.427+08:00  INFO 13976 --- [main] com.zaxxer.hikari.pool.HikariPool        : HikariPool-1 - Added connection org.hsqldb.jdbc.JDBCConnection@69aa7d76
2024-07-04T12:29:14.428+08:00  INFO 13976 --- [main] com.zaxxer.hikari.HikariDataSource       : HikariPool-1 - Start completed.
2024-07-04T12:29:14.746+08:00  INFO 13976 --- [main] o.s.b.w.embedded.tomcat.TomcatWebServer  : Tomcat started on port(s): 8080 (http) with context path ''
2024-07-04T12:29:14.752+08:00  INFO 13976 --- [main] com.itranswarp.learnjava.Application     : Started Application in 6.174 seconds (process running for 6.624)
2024-07-04T12:29:14.799+08:00  INFO 13976 --- [http-nio-8080-exec-1] o.a.c.c.C.[Tomcat].[localhost].[/]       : Initializing Spring DispatcherServlet 'dispatcherServlet'
2024-07-04T12:29:14.799+08:00  INFO 13976 --- [http-nio-8080-exec-1] o.s.web.servlet.DispatcherServlet        : Initializing Servlet 'dispatcherServlet'
2024-07-04T12:29:14.800+08:00  INFO 13976 --- [http-nio-8080-exec-1] o.s.web.servlet.DispatcherServlet        : Completed initialization in 1 ms
2024-07-04T12:29:24.086+08:00  INFO 13976 --- [http-nio-8080-exec-1] c.i.learnjava.service.UserService        : try register by heyutongxue@gmail.com...
2024-07-04T12:29:24.095+08:00  INFO 13976 --- [http-nio-8080-exec-1] c.i.learnjava.web.UserController         : user register: heyutongxue@gmail.com
2024-07-04T14:05:09.017+08:00  INFO 13976 --- [SpringApplicationShutdownHook] com.zaxxer.hikari.HikariDataSource       : HikariPool-1 - Shutdown initiated...
2024-07-04T14:05:09.019+08:00  INFO 13976 --- [SpringApplicationShutdownHook] com.zaxxer.hikari.HikariDataSource       : HikariPool-1 - Shutdown completed.
